"../../../../Ghost/GhostProj/Content/Mannequin/Character/Textures/UE4_LOGO_CARD.uasset" 0
"../../../../Ghost/GhostProj/Content/ModularTownVillage/Textures/T_barrel_D.uasset" 1
"../../../../Ghost/GhostProj/Content/ModularTownVillage/Textures/T_branch_03.uasset" 2
"../../../../Ghost/GhostProj/Content/ModularTownVillage/Textures/T_decal_01.uasset" 3
"../../../../Ghost/GhostProj/Content/StarterContent/Textures/T_Burst_M.uasset" 4
"../../../../Ghost/GhostProj/Content/DataTables/Items.uasset" 5
"../../../../Ghost/GhostProj/Content/Items.uasset" 6
"../../../../Ghost/GhostProj/Content/Assets/Texture/10f.uasset" 7
"../../../../Ghost/GhostProj/Content/Assets/Texture/1f.uasset" 8
"../../../../Ghost/GhostProj/Content/Assets/Texture/2f.uasset" 9
"../../../../Ghost/GhostProj/Content/Assets/Texture/50f.uasset" 10
"../../../../Ghost/GhostProj/Content/Assets/Texture/Burger.uasset" 11
"../../../../Ghost/GhostProj/Content/Mannequin/Character/Mesh/UE4_Mannequin_Skeleton.uasset" 12
"../../../../Ghost/GhostProj/Content/Mannequin/Animations/ThirdPerson_Jump.uasset" 13
"../../../../Ghost/GhostProj/Content/Mannequin/Animations/ThirdPersonJump_Loop.uasset" 14
"../../../../Ghost/GhostProj/Content/Mannequin/Animations/ThirdPersonJump_Start.uasset" 15
"../../../../Ghost/GhostProj/Content/Mannequin/Animations/ThirdPersonIdle.uasset" 16
"../../../../Ghost/GhostProj/Content/Mannequin/Animations/ThirdPersonRun.uasset" 17
"../../../../Ghost/GhostProj/Content/Mannequin/Animations/ThirdPersonWalk.uasset" 18
"../../../../Ghost/GhostProj/Content/Mannequin/Animations/ThirdPerson_IdleRun_2D.uasset" 19
"../../../Engine/Content/EditorBlueprintResources/StandardMacros.uasset" 20
"../../../../Ghost/GhostProj/Content/Mannequin/Animations/ThirdPerson_AnimBP.uasset" 21
"../../../Engine/Content/Functions/Engine_MaterialFunctions02/Utility/BlendAngleCorrectedNormals.uasset" 22
"../../../Engine/Content/Functions/MaterialLayerFunctions/MatLayerBlend_NormalBlend.uasset" 23
"../../../Engine/Content/Functions/MaterialLayerFunctions/MatLayerBlend_Simple.uasset" 24
"../../../../Ghost/GhostProj/Content/Mannequin/Character/Materials/MaterialLayers/T_ML_Rubber_Blue_01_D.uasset" 25
"../../../../Ghost/GhostProj/Content/Mannequin/Character/Materials/MaterialLayers/T_ML_Rubber_Blue_01_N.uasset" 26
"../../../../Ghost/GhostProj/Content/Mannequin/Character/Materials/MaterialLayers/ML_GlossyBlack_Latex_UE4.uasset" 27
"../../../../Ghost/GhostProj/Content/Mannequin/Character/Materials/MaterialLayers/ML_Plastic_Shiny_Beige.uasset" 28
"../../../../Ghost/GhostProj/Content/Mannequin/Character/Materials/MaterialLayers/ML_Plastic_Shiny_Beige_LOGO.uasset" 29
"../../../../Ghost/GhostProj/Content/Mannequin/Character/Materials/MaterialLayers/T_ML_Aluminum01.uasset" 30
"../../../../Ghost/GhostProj/Content/Mannequin/Character/Materials/MaterialLayers/T_ML_Aluminum01_N.uasset" 31
"../../../../Ghost/GhostProj/Content/Mannequin/Character/Materials/MaterialLayers/ML_SoftMetal_UE4.uasset" 32
"../../../../Ghost/GhostProj/Content/Mannequin/Character/Textures/UE4_Mannequin__normals.uasset" 33
"../../../../Ghost/GhostProj/Content/Mannequin/Character/Textures/UE4_Mannequin_MAT_MASKA.uasset" 34
"../../../../Ghost/GhostProj/Content/Mannequin/Character/Materials/M_UE4Man_Body.uasset" 35
"../../../../Ghost/GhostProj/Content/Mannequin/Character/Textures/UE4Man_Logo_N.uasset" 36
"../../../../Ghost/GhostProj/Content/Mannequin/Character/Materials/M_UE4Man_ChestLogo.uasset" 37
"../../../../Ghost/GhostProj/Content/Mannequin/Character/Mesh/SK_Mannequin_PhysicsAsset.uasset" 38
"../../../../Ghost/GhostProj/Content/Mannequin/Character/Mesh/SK_Mannequin.uasset" 39
"../../../../Ghost/GhostProj/Content/Blueprints/BP_Citizen.uasset" 40
"../../../../Ghost/GhostProj/Content/Assets/Texture/IcoFood/Big-Cake.uasset" 41
"../../../../Ghost/GhostProj/Content/Assets/Texture/IcoFood/Big_Burger.uasset" 42
"../../../../Ghost/GhostProj/Content/Assets/Texture/IcoFood/Cake.uasset" 43
"../../../../Ghost/GhostProj/Content/Assets/Texture/IcoFood/Coffee.uasset" 44
"../../../../Ghost/GhostProj/Content/Assets/Texture/IcoFood/Cola.uasset" 45
"../../../../Ghost/GhostProj/Content/Assets/Texture/IcoFood/Donuts.uasset" 46
"../../../../Ghost/GhostProj/Content/Assets/Texture/IcoFood/Eclair.uasset" 47
"../../../../Ghost/GhostProj/Content/Assets/Texture/IcoFood/Hamburger.uasset" 48
"../../../../Ghost/GhostProj/Content/Assets/Texture/IcoFood/Ice-Cone.uasset" 49
"../../../../Ghost/GhostProj/Content/Assets/Texture/IcoFood/Ice-Cream.uasset" 50
"../../../../Ghost/GhostProj/Content/Assets/Texture/IcoFood/Juice.uasset" 51
"../../../../Ghost/GhostProj/Content/Assets/Texture/IcoFood/Pizza.uasset" 52
"../../../../Ghost/GhostProj/Content/Assets/Texture/IcoFood/Sushi.uasset" 53
"../../../../Ghost/GhostProj/Content/Assets/Texture/IcoFood/Tea.uasset" 54
"../../../../Ghost/GhostProj/Content/Assets/Texture/IcoFood/Toast.uasset" 55
"../../../../Ghost/GhostProj/Content/DataTables/Menu.uasset" 56
"../../../../Ghost/GhostProj/Content/Blueprints/Work_BP/Menu.uasset" 57
"../../../../Ghost/GhostProj/Content/FreeFurniturePack/Textures/T_Office_Chair_A.uasset" 58
"../../../../Ghost/GhostProj/Content/Geometry/Meshes/CubeMaterial.uasset" 59
"../../../../Ghost/GhostProj/Content/Geometry/Meshes/1M_Cube_Chamfer.uasset" 60
"../../../../Ghost/GhostProj/Content/Geometry/Meshes/TemplateFloor.uasset" 61
"../../../../Ghost/GhostProj/Content/Mannequin/Animations/ThirdPersonJump_End.uasset" 62
"../../../../Ghost/GhostProj/Content/ModularTownVillage/Textures/T_wall_D.uasset" 63
"../../../../Ghost/GhostProj/Content/ModularTownVillage/Textures/T_wall_N.uasset" 64
"../../../../Ghost/GhostProj/Content/ModularTownVillage/Textures/T_wall_ORM.uasset" 65
"../../../../Ghost/GhostProj/Content/ModularTownVillage/Materials/M_base.uasset" 66
"../../../../Ghost/GhostProj/Content/ModularTownVillage/Textures/T_window_shutter_D.uasset" 67
"../../../../Ghost/GhostProj/Content/ModularTownVillage/Textures/T_window_shutter_N.uasset" 68
"../../../../Ghost/GhostProj/Content/ModularTownVillage/Textures/T_window_shutter_ORM.uasset" 69
"../../../../Ghost/GhostProj/Content/ModularTownVillage/Materials/MI_window_shutter.uasset" 70
"../../../../Ghost/GhostProj/Content/ModularTownVillage/Meshes/SM_window_closed.uasset" 71
"../../../../Ghost/GhostProj/Content/ModularTownVillage/Meshes/SM_window_opened.uasset" 72
"../../../../Ghost/GhostProj/Content/ModularTownVillage/Blueprints/BP_shutters.uasset" 73
"../../../../Ghost/GhostProj/Content/ModularTownVillage/Maps/TownVillage_sharedassets/Brick_LayerInfo.uasset" 74
"../../../../Ghost/GhostProj/Content/ModularTownVillage/Maps/TownVillage_sharedassets/Grass_LayerInfo.uasset" 75
"../../../../Ghost/GhostProj/Content/ModularTownVillage/Maps/TownVillage_sharedassets/Green_LayerInfo.uasset" 76
"../../../../Ghost/GhostProj/Content/ModularTownVillage/Maps/TownVillage_sharedassets/Soil_LayerInfo.uasset" 77
"../../../../Ghost/GhostProj/Content/ModularTownVillage/Textures/T_sack_D.uasset" 78
"../../../../Ghost/GhostProj/Content/ModularTownVillage/Textures/T_sack_N.uasset" 79
"../../../../Ghost/GhostProj/Content/ModularTownVillage/Textures/T_sack_ORM.uasset" 80
"../../../../Ghost/GhostProj/Content/ModularTownVillage/Materials/MI_corn_green.uasset" 81
"../../../../Ghost/GhostProj/Content/ModularTownVillage/Materials/MI_corn_red.uasset" 82
"../../../../Ghost/GhostProj/Content/ModularTownVillage/Materials/M_decal.uasset" 83
"../../../../Ghost/GhostProj/Content/ModularTownVillage/Materials/MI_decal_01.uasset" 84
"../../../../Ghost/GhostProj/Content/ModularTownVillage/Textures/T_decal_02.uasset" 85
"../../../../Ghost/GhostProj/Content/ModularTownVillage/Materials/MI_decal_02_rough.uasset" 86
"../../../../Ghost/GhostProj/Content/ModularTownVillage/Materials/MI_decal_03.uasset" 87
"../../../../Ghost/GhostProj/Content/ModularTownVillage/Materials/MI_decal_05.uasset" 88
"../../../Engine/Content/Functions/Engine_MaterialFunctions02/Utility/BreakOutFloat3Components.uasset" 89
"../../../../Ghost/GhostProj/Content/ModularTownVillage/Textures/T_brick_Mask_02.uasset" 90
"../../../../Ghost/GhostProj/Content/ModularTownVillage/Textures/T_brick_N.uasset" 91
"../../../../Ghost/GhostProj/Content/ModularTownVillage/Textures/T_brick_ORM.uasset" 92
"../../../../Ghost/GhostProj/Content/ModularTownVillage/Textures/T_concrete_D.uasset" 93
"../../../../Ghost/GhostProj/Content/ModularTownVillage/Textures/T_concrete_N.uasset" 94
"../../../../Ghost/GhostProj/Content/ModularTownVillage/Textures/T_concrete_ORM.uasset" 95
"../../../../Ghost/GhostProj/Content/ModularTownVillage/Textures/T_grass_D.uasset" 96
"../../../../Ghost/GhostProj/Content/ModularTownVillage/Textures/T_grass_N.uasset" 97
"../../../../Ghost/GhostProj/Content/ModularTownVillage/Textures/T_grass_ORM.uasset" 98
"../../../../Ghost/GhostProj/Content/ModularTownVillage/Materials/M_landscape.uasset" 99
"../../../../Ghost/GhostProj/Content/ModularTownVillage/Materials/MI_landscape.uasset" 100
"../../../Engine/Content/Functions/Engine_MaterialFunctions01/WorldPositionOffset/SimpleGrassWind.uasset" 101
"../../../../Ghost/GhostProj/Content/ModularTownVillage/Textures/T_tent_mask.uasset" 102
"../../../../Ghost/GhostProj/Content/ModularTownVillage/Textures/T_Water_N.uasset" 103
"../../../../Ghost/GhostProj/Content/ModularTownVillage/Materials/M_linen.uasset" 104
"../../../../Ghost/GhostProj/Content/ModularTownVillage/Materials/MI_linen.uasset" 105
"../../../../Ghost/GhostProj/Content/ModularTownVillage/Textures/T_roof_02_Mask.uasset" 106
"../../../../Ghost/GhostProj/Content/ModularTownVillage/Textures/T_roof_02_N.uasset" 107
"../../../../Ghost/GhostProj/Content/ModularTownVillage/Textures/T_roof_02_ORM.uasset" 108
"../../../../Ghost/GhostProj/Content/ModularTownVillage/Materials/MI_roof_02_green.uasset" 109
"../../../../Ghost/GhostProj/Content/ModularTownVillage/Materials/M_base_opacity.uasset" 110
"../../../../Ghost/GhostProj/Content/ModularTownVillage/Textures/T_roof_03_Mask.uasset" 111
"../../../../Ghost/GhostProj/Content/ModularTownVillage/Textures/T_roof_03_N.uasset" 112
"../../../../Ghost/GhostProj/Content/ModularTownVillage/Textures/T_roof_03_opacity_Mask.uasset" 113
"../../../../Ghost/GhostProj/Content/ModularTownVillage/Textures/T_roof_03_ORM.uasset" 114
"../../../../Ghost/GhostProj/Content/ModularTownVillage/Materials/MI_roof_03.uasset" 115
"../../../../Ghost/GhostProj/Content/ModularTownVillage/Textures/T_Water_Emissive.uasset" 116
"../../../../Ghost/GhostProj/Content/ModularTownVillage/Materials/M_water.uasset" 117
"../../../../Ghost/GhostProj/Content/ModularTownVillage/Materials/MI_wine.uasset" 118
"../../../../Ghost/GhostProj/Content/ModularTownVillage/Materials/MI_wall.uasset" 119
"../../../../Ghost/GhostProj/Content/ModularTownVillage/Meshes/SM_outer_wall_01.uasset" 120
"../../../../Ghost/GhostProj/Content/ModularTownVillage/Meshes/SM_outer_wall_02.uasset" 121
"../../../../Ghost/GhostProj/Content/ModularTownVillage/Meshes/SM_outer_wall_03.uasset" 122
"../../../../Ghost/GhostProj/Content/ModularTownVillage/Textures/T_wood_D.uasset" 123
"../../../../Ghost/GhostProj/Content/ModularTownVillage/Textures/T_wood_N.uasset" 124
"../../../../Ghost/GhostProj/Content/ModularTownVillage/Textures/T_wood_ORM.uasset" 125
"../../../../Ghost/GhostProj/Content/ModularTownVillage/Materials/MI_wood.uasset" 126
"../../../../Ghost/GhostProj/Content/ModularTownVillage/Meshes/SM_roof_wall_small_half_02.uasset" 127
"../../../../Ghost/GhostProj/Content/ModularTownVillage/Meshes/SM_small_house_roof_floor.uasset" 128
"../../../../Ghost/GhostProj/Content/ModularTownVillage/Materials/MI_concrete.uasset" 129
"../../../../Ghost/GhostProj/Content/ModularTownVillage/Textures/T_roof_01_Mask.uasset" 130
"../../../../Ghost/GhostProj/Content/ModularTownVillage/Textures/T_roof_01_N.uasset" 131
"../../../../Ghost/GhostProj/Content/ModularTownVillage/Textures/T_roof_01_ORM.uasset" 132
"../../../../Ghost/GhostProj/Content/ModularTownVillage/Materials/MI_roof_01.uasset" 133
"../../../../Ghost/GhostProj/Content/ModularTownVillage/Meshes/SM_small_roof_part.uasset" 134
"../../../../Ghost/GhostProj/Content/StarterContent/Materials/M_Basic_Wall.uasset" 135
"../../../../Ghost/GhostProj/Content/StarterContent/Architecture/Pillar_50x500.uasset" 136
"../../../../Ghost/GhostProj/Content/StarterContent/Architecture/Wall_400x300.uasset" 137
"../../../../Ghost/GhostProj/Content/StarterContent/Architecture/Wall_400x400.uasset" 138
"../../../../Ghost/GhostProj/Content/StarterContent/Architecture/Wall_500x500.uasset" 139
"../../../../Ghost/GhostProj/Content/StarterContent/Architecture/Wall_Door_400x400.uasset" 140
"../../../../Ghost/GhostProj/Content/StarterContent/Architecture/Wall_Window_400x400.uasset" 141
"../../../../Ghost/GhostProj/Content/StarterContent/Audio/Collapse01.uasset" 142
"../../../../Ghost/GhostProj/Content/StarterContent/Audio/Collapse02.uasset" 143
"../../../../Ghost/GhostProj/Content/StarterContent/Audio/Explosion01.uasset" 144
"../../../../Ghost/GhostProj/Content/StarterContent/Audio/Explosion02.uasset" 145
"../../../../Ghost/GhostProj/Content/StarterContent/Audio/Fire01.uasset" 146
"../../../../Ghost/GhostProj/Content/StarterContent/Audio/Fire_Sparks01.uasset" 147
"../../../../Ghost/GhostProj/Content/StarterContent/Audio/Light01.uasset" 148
"../../../../Ghost/GhostProj/Content/StarterContent/Audio/Light01_Cue.uasset" 149
"../../../../Ghost/GhostProj/Content/StarterContent/Audio/Light02.uasset" 150
"../../../../Ghost/GhostProj/Content/StarterContent/Audio/Light02_Cue.uasset" 151
"../../../../Ghost/GhostProj/Content/StarterContent/Audio/Smoke01.uasset" 152
"../../../../Ghost/GhostProj/Content/StarterContent/Audio/Starter_Birds01.uasset" 153
"../../../../Ghost/GhostProj/Content/StarterContent/Audio/Starter_Music01.uasset" 154
"../../../../Ghost/GhostProj/Content/StarterContent/Audio/Starter_Wind05.uasset" 155
"../../../../Ghost/GhostProj/Content/StarterContent/Audio/Starter_Wind06.uasset" 156
"../../../../Ghost/GhostProj/Content/StarterContent/Audio/Steam01.uasset" 157
"../../../../Ghost/GhostProj/Content/StarterContent/Audio/Explosion_Cue.uasset" 158
"../../../../Ghost/GhostProj/Content/StarterContent/Particles/Materials/M_Burst.uasset" 159
"../../../../Ghost/GhostProj/Content/StarterContent/Textures/T_Explosion_SubUV.uasset" 160
"../../../../Ghost/GhostProj/Content/StarterContent/Particles/Materials/M_explosion_subUV.uasset" 161
"../../../../Ghost/GhostProj/Content/StarterContent/Particles/Materials/m_flare_01.uasset" 162
"../../../Engine/Content/Functions/Engine_MaterialFunctions01/Gradient/RadialGradient.uasset" 163
"../../../../Ghost/GhostProj/Content/StarterContent/Particles/Materials/M_radial_ramp.uasset" 164
"../../../../Ghost/GhostProj/Content/StarterContent/Textures/T_Smoke_SubUV.uasset" 165
"../../../../Ghost/GhostProj/Content/StarterContent/Textures/T_Smoke_Tiled_D.uasset" 166
"../../../../Ghost/GhostProj/Content/StarterContent/Particles/Materials/M_smoke_subUV.uasset" 167
"../../../../Ghost/GhostProj/Content/StarterContent/Particles/P_Explosion.uasset" 168
"../../../../Ghost/GhostProj/Content/StarterContent/Blueprints/Blueprint_Effect_Explosion.uasset" 169
"../../../Engine/Content/EditorMeshes/ColorCalibrator/T_ColorGrid.uasset" 170
"../../../../Ghost/GhostProj/Content/StarterContent/Materials/M_ColorGrid_LowSpec.uasset" 171
"../../../../Ghost/GhostProj/Content/StarterContent/Textures/T_Bush_D.uasset" 172
"../../../../Ghost/GhostProj/Content/StarterContent/Textures/T_Bush_N.uasset" 173
"../../../../Ghost/GhostProj/Content/StarterContent/Props/Materials/M_Bush.uasset" 174
"../../../../Ghost/GhostProj/Content/StarterContent/Props/SM_Bush.uasset" 175
"../../../../Ghost/GhostProj/Content/StarterContent/Textures/T_Chair_M.uasset" 176
"../../../../Ghost/GhostProj/Content/StarterContent/Textures/T_Chair_N.uasset" 177
"../../../../Ghost/GhostProj/Content/StarterContent/Props/Materials/M_Chair.uasset" 178
"../../../../Ghost/GhostProj/Content/StarterContent/Props/SM_Couch.uasset" 179
"../../../../Ghost/GhostProj/Content/StarterContent/Materials/M_Glass.uasset" 180
"../../../../Ghost/GhostProj/Content/StarterContent/Textures/T_Door_M.uasset" 181
"../../../../Ghost/GhostProj/Content/StarterContent/Textures/T_Door_N.uasset" 182
"../../../../Ghost/GhostProj/Content/StarterContent/Props/Materials/M_Door.uasset" 183
"../../../../Ghost/GhostProj/Content/StarterContent/Props/SM_Door.uasset" 184
"../../../../Ghost/GhostProj/Content/StarterContent/Props/Materials/M_MaterialSphere.uasset" 185
"../../../../Ghost/GhostProj/Content/StarterContent/Props/Materials/M_MaterialSphere_Plain.uasset" 186
"../../../../Ghost/GhostProj/Content/StarterContent/Props/SM_MatPreviewMesh_02.uasset" 187
"../../../../Ghost/GhostProj/Content/StarterContent/Textures/T_Detail_Rocky_N.uasset" 188
"../../../../Ghost/GhostProj/Content/StarterContent/Textures/T_Rock_Basalt_D.uasset" 189
"../../../../Ghost/GhostProj/Content/StarterContent/Textures/T_RockMesh_M.uasset" 190
"../../../../Ghost/GhostProj/Content/StarterContent/Textures/T_RockMesh_N.uasset" 191
"../../../../Ghost/GhostProj/Content/StarterContent/Props/Materials/M_Rock.uasset" 192
"../../../../Ghost/GhostProj/Content/StarterContent/Props/SM_Rock.uasset" 193
"../../../../Ghost/GhostProj/Content/StarterContent/Textures/T_Shelf_M.uasset" 194
"../../../../Ghost/GhostProj/Content/StarterContent/Textures/T_Shelf_N.uasset" 195
"../../../../Ghost/GhostProj/Content/StarterContent/Props/Materials/M_Shelf.uasset" 196
"../../../../Ghost/GhostProj/Content/StarterContent/Props/SM_Shelf.uasset" 197
"../../../../Ghost/GhostProj/Content/StarterContent/Materials/M_Basic_Floor.uasset" 198
"../../../../Ghost/GhostProj/Content/StarterContent/Props/SM_Stairs.uasset" 199
"../../../../Ghost/GhostProj/Content/StarterContent/Shapes/Shape_Cone.uasset" 200
"../../../../Ghost/GhostProj/Content/StarterContent/Shapes/Shape_Cylinder.uasset" 201
"../../../../Ghost/GhostProj/Content/StarterContent/Shapes/Shape_NarrowCapsule.uasset" 202
"../../../../Ghost/GhostProj/Content/StarterContent/Shapes/Shape_Pipe.uasset" 203
"../../../../Ghost/GhostProj/Content/StarterContent/Shapes/Shape_Pipe_180.uasset" 204
"../../../../Ghost/GhostProj/Content/StarterContent/Shapes/Shape_Pipe_90.uasset" 205
"../../../../Ghost/GhostProj/Content/StarterContent/Shapes/Shape_Plane.uasset" 206
"../../../../Ghost/GhostProj/Content/StarterContent/Shapes/Shape_Torus.uasset" 207
"../../../../Ghost/GhostProj/Content/StarterContent/Shapes/Shape_Trim.uasset" 208
"../../../../Ghost/GhostProj/Content/StarterContent/Shapes/Shape_Trim_90_In.uasset" 209
"../../../../Ghost/GhostProj/Content/StarterContent/Shapes/Shape_Trim_90_Out.uasset" 210
"../../../../Ghost/GhostProj/Content/StarterContent/Shapes/Shape_TriPyramid.uasset" 211
"../../../../Ghost/GhostProj/Content/StarterContent/Shapes/Shape_Tube.uasset" 212
"../../../../Ghost/GhostProj/Content/StarterContent/Shapes/Shape_Wedge_A.uasset" 213
"../../../../Ghost/GhostProj/Content/StarterContent/Shapes/Shape_Wedge_B.uasset" 214
"../../../../Ghost/GhostProj/Content/StarterContent/Shapes/Shape_WideCapsule.uasset" 215
"../../../../Ghost/GhostProj/Content/ThirdPerson/Meshes/RampMaterial.uasset" 216
"../../../../Ghost/GhostProj/Content/ThirdPerson/Meshes/Bump_StaticMesh.uasset" 217
"../../../../Ghost/GhostProj/Content/ThirdPerson/Meshes/LeftArm_StaticMesh.uasset" 218
"../../../../Ghost/GhostProj/Content/ThirdPerson/Meshes/Linear_Stair_StaticMesh.uasset" 219
"../../../../Ghost/GhostProj/Content/ThirdPerson/Meshes/Ramp_StaticMesh.uasset" 220
"../../../../Ghost/GhostProj/Content/ThirdPerson/Meshes/RightArm_StaticMesh.uasset" 221
"../../../../Ghost/GhostProj/Content/Widget/Info/InteractWidget.uasset" 222
"../../../../Ghost/GhostProj/Content/Widget/InteractWithItemMenu.uasset" 223
"../../../../Ghost/GhostProj/Content/Geometry/Meshes/1M_Cube.uasset" 224
"../../../../Ghost/GhostProj/Content/Widget/UsageUI.uasset" 225
"../../../../Ghost/GhostProj/Content/Blueprints/BP_InteractActor.uasset" 226
"../../../../Ghost/GhostProj/Content/ThirdPersonCPP/Blueprints/BP_InteractActor.uasset" 227
"../../../../Ghost/GhostProj/Content/Widget/Info/HorizontalBoxWidget_BP.uasset" 228
"../../../../Ghost/GhostProj/Content/Widget/HorizontalBoxWidget_BP.uasset" 229
"../../../../Ghost/GhostProj/Content/Widget/Elements/ItemInShop_BP.uasset" 230
"../../../../Ghost/GhostProj/Content/Widget/ItemInShop_BP.uasset" 231
"../../../../Ghost/GhostProj/Content/Widget/Info/StatUI.uasset" 232
"../../../../Ghost/GhostProj/Content/Widget/StatUI.uasset" 233
"../../../../Ghost/GhostProj/Content/StarterContent/Audio/Fire01_Cue.uasset" 234
"../../../../Ghost/GhostProj/Content/Widget/MusicUI/SongStruct.uasset" 235
"../../../../Ghost/GhostProj/Content/DataTables/SongDT.uasset" 236
"../../../../Ghost/GhostProj/Content/Widget/MusicUI/SongDT.uasset" 237
"../../../Engine/Content/Animation/DefaultAnimCurveCompressionSettings.uasset" 238
"../../../Engine/Content/Functions/Engine_MaterialFunctions01/Opacity/CameraDepthFade.uasset" 239
"../../../Engine/Content/EngineMaterials/T_Default_Material_Grid_M.uasset" 240
"../../../Engine/Content/EngineMaterials/T_Default_Material_Grid_N.uasset" 241
"../../../Engine/Content/EngineMaterials/WorldGridMaterial.uasset" 242
"../../../Engine/Content/ArtTools/RenderToTexture/Meshes/S_1_Unit_Plane.uasset" 243
"../../../Engine/Content/EngineMaterials/DefaultMaterial.uasset" 244
"../../../Engine/Content/BasicShapes/Cone.uasset" 245
"../../../Engine/Content/BasicShapes/Plane.uasset" 246
"../../../Engine/Content/BasicShapes/Sphere.uasset" 247
"../../../Engine/Content/EditorLandscapeResources/DataLayer.uasset" 248
"../../../Engine/Content/EditorMaterials/GizmoMaterial.uasset" 249
"../../../Engine/Content/EditorMaterials/MAT_Groups_Toggle.uasset" 250
"../../../Engine/Content/EditorMaterials/MAT_Groups_Visibility.uasset" 251
"../../../Engine/Content/EditorMaterials/PreviewShadowIndicator.uasset" 252
"../../../Engine/Content/EditorMaterials/PreviewShadowIndicatorMaterial.uasset" 253
"../../../Engine/Content/EditorMaterials/MatineeGroups/MAT_ColorTrack.uasset" 254
"../../../Engine/Content/EditorMaterials/MatineeGroups/MAT_Groups_Anim.uasset" 255
"../../../Engine/Content/EditorMaterials/MatineeGroups/MAT_Groups_AudioMaster.uasset" 256
"../../../Engine/Content/EditorMaterials/MatineeGroups/MAT_Groups_Director.uasset" 257
"../../../Engine/Content/EditorMaterials/MatineeGroups/MAT_Groups_Event.uasset" 258
"../../../Engine/Content/EditorMaterials/MatineeGroups/MAT_Groups_Fade.uasset" 259
"../../../Engine/Content/EditorMaterials/MatineeGroups/MAT_Groups_Float.uasset" 260
"../../../Engine/Content/EditorMaterials/MatineeGroups/MAT_Groups_Move.uasset" 261
"../../../Engine/Content/EditorMaterials/MatineeGroups/MAT_Groups_Slomo.uasset" 262
"../../../Engine/Content/EditorMaterials/MatineeGroups/MAT_Groups_Sound.uasset" 263
"../../../Engine/Content/EditorMaterials/MatineeGroups/MAT_Groups_Vector.uasset" 264
"../../../Engine/Content/EditorMaterials/ParticleSystems/PSysThumbnail_NoImage.uasset" 265
"../../../Engine/Content/EditorMaterials/ParticleSystems/PSysThumbnail_OOD.uasset" 266
"../../../Engine/Content/EditorMaterials/Camera/CineMat.uasset" 267
"../../../Engine/Content/EditorMaterials/Camera/MI_CineMat_Rig.uasset" 268
"../../../Engine/Content/EditorMeshes/Camera/SM_CraneRig_Arm.uasset" 269
"../../../Engine/Content/EditorMeshes/Camera/SM_CraneRig_Base.uasset" 270
"../../../Engine/Content/EditorMeshes/Camera/SM_CraneRig_Body.uasset" 271
"../../../Engine/Content/EditorMeshes/Camera/SM_CraneRig_Mount.uasset" 272
"../../../Engine/Content/EditorMeshes/Camera/SM_RailRig_Mount.uasset" 273
"../../../Engine/Content/EditorMeshes/Camera/SM_RailRig_Track.uasset" 274
"../../../Engine/Content/EditorResources/BSPVertex.uasset" 275
"../../../Engine/Content/EditorResources/EmptyActor.uasset" 276
"../../../Engine/Content/EditorResources/S_Actor.uasset" 277
"../../../Engine/Content/EditorResources/S_Note.uasset" 278
"../../../Engine/Content/EditorResources/S_Trigger.uasset" 279
"../../../Engine/Content/EditorResources/AudioIcons/S_AudioComponent.uasset" 280
"../../../Engine/Content/EditorResources/AudioIcons/S_AudioComponent_AutoActivate.uasset" 281
"../../../Engine/Content/EditorResources/LightIcons/S_LightError.uasset" 282
"../../../Engine/Content/EditorResources/SequenceRecorder/Countdown.uasset" 283
"../../../Engine/Content/EditorResources/SequenceRecorder/RecordingIndicator.uasset" 284
"../../../Engine/Content/EditorSounds/Notifications/CompileFailed.uasset" 285
"../../../Engine/Content/EditorSounds/Notifications/CompileFailed_Cue.uasset" 286
"../../../Engine/Content/EditorSounds/Notifications/CompileSuccess.uasset" 287
"../../../Engine/Content/EditorSounds/Notifications/CompileStart_Cue.uasset" 288
"../../../Engine/Content/EditorSounds/Notifications/CompileSuccess_Cue.uasset" 289
"../../../Engine/Content/EngineDamageTypes/DmgTypeBP_Environmental.uasset" 290
"../../../Engine/Content/EngineDebugMaterials/HeatmapGradient.uasset" 291
"../../../Engine/Content/EngineDebugMaterials/BoneWeightMaterial.uasset" 292
"../../../Engine/Content/EngineDebugMaterials/ClothMaterial.uasset" 293
"../../../Engine/Content/EngineDebugMaterials/ClothMaterial_WF.uasset" 294
"../../../Engine/Content/EngineDebugMaterials/DebugEditorMaterial.uasset" 295
"../../../Engine/Content/EngineDebugMaterials/DebugMeshMaterial.uasset" 296
"../../../Engine/Content/EngineDebugMaterials/GeomMaterial.uasset" 297
"../../../Engine/Content/EngineDebugMaterials/M_SimpleTranslucent.uasset" 298
"../../../Engine/Content/EngineFonts/Faces/RobotoBold.uasset" 299
"../../../Engine/Content/EngineFonts/Faces/RobotoBoldItalic.uasset" 300
"../../../Engine/Content/EngineFonts/Faces/RobotoItalic.uasset" 301
"../../../Engine/Content/EngineFonts/Faces/RobotoLight.uasset" 302
"../../../Engine/Content/EngineFonts/Faces/RobotoRegular.uasset" 303
"../../../Engine/Content/EngineFonts/Roboto.uasset" 304
"../../../Engine/Content/EngineFonts/Faces/RobotoTiny.uasset" 305
"../../../Engine/Content/EngineFonts/RobotoTiny.uasset" 306
"../../../Engine/Content/EngineMaterials/BaseFlattenDiffuseMap.uasset" 307
"../../../Engine/Content/EngineMaterials/BaseFlattenEmissiveMap.uasset" 308
"../../../Engine/Content/EngineMaterials/BaseFlattenGrayscaleMap.uasset" 309
"../../../Engine/Content/EngineMaterials/BaseFlattenNormalMap.uasset" 310
"../../../Engine/Content/EngineMaterials/BaseFlattenMaterial.uasset" 311
"../../../Engine/Content/EngineMaterials/DefaultBloomKernel.uasset" 312
"../../../Engine/Content/EngineMaterials/DefaultBokeh.uasset" 313
"../../../Engine/Content/EngineMaterials/DefaultDiffuse.uasset" 314
"../../../Engine/Content/EngineMaterials/DefaultDeferredDecalMaterial.uasset" 315
"../../../Engine/Content/EngineMaterials/DefaultLightFunctionMaterial.uasset" 316
"../../../Engine/Content/Functions/Engine_MaterialFunctions02/Utility/BreakOutFloat2Components.uasset" 317
"../../../Engine/Content/EngineMaterials/DefaultPostProcessMaterial.uasset" 318
"../../../Engine/Content/EngineFonts/RobotoDistanceField.uasset" 319
"../../../Engine/Content/EngineMaterials/DefaultTextMaterialOpaque.uasset" 320
"../../../Engine/Content/EngineMaterials/DefaultWhiteGrid.uasset" 321
"../../../Engine/Content/EngineMaterials/EditorBrushMaterial.uasset" 322
"../../../Engine/Content/EngineMaterials/MiniFont.uasset" 323
"../../../Engine/Content/EngineMaterials/InvalidLightmapSettings.uasset" 324
"../../../Engine/Content/EngineMaterials/M_InvalidLightmapSettings.uasset" 325
"../../../Engine/Content/Functions/Engine_MaterialFunctions02/WorldPositionOffset/CameraOffset.uasset" 326
"../../../Engine/Content/EngineMaterials/PhAT_JointLimitMaterial.uasset" 327
"../../../Engine/Content/EngineMaterials/PreintegratedSkinBRDF.uasset" 328
"../../../Engine/Content/EngineMaterials/RemoveSurfaceMaterial.uasset" 329
"../../../Engine/Content/EngineMaterials/WeightMapPlaceholderTexture.uasset" 330
"../../../Engine/Content/EngineResources/WhiteSquareTexture.uasset" 331
"../../../Engine/Content/EngineMaterials/Widget3DPassThrough.uasset" 332
"../../../Engine/Content/EngineMaterials/Widget3DPassThrough_Masked.uasset" 333
"../../../Engine/Content/EngineMaterials/Widget3DPassThrough_Opaque.uasset" 334
"../../../Engine/Content/EngineMaterials/Widget3DPassThrough_Masked_OneSided.uasset" 335
"../../../Engine/Content/EngineMaterials/Widget3DPassThrough_Opaque_OneSided.uasset" 336
"../../../Engine/Content/EngineMaterials/Widget3DPassThrough_Translucent.uasset" 337
"../../../Engine/Content/EngineMaterials/Widget3DPassThrough_Translucent_OneSided.uasset" 338
"../../../Engine/Content/EngineMeshes/Cylinder.uasset" 339
"../../../Engine/Content/EngineMeshes/Sphere.uasset" 340
"../../../Engine/Content/EngineResources/Black.uasset" 341
"../../../Engine/Content/EngineResources/DefaultTexture.uasset" 342
"../../../Engine/Content/EngineResources/DefaultTextureCube.uasset" 343
"../../../Engine/Content/EngineResources/DefaultVolumeTexture2D.uasset" 344
"../../../Engine/Content/EngineResources/DefaultVolumeTexture.uasset" 345
"../../../Engine/Content/EngineResources/GradientTexture0.uasset" 346
"../../../Engine/Content/EngineSounds/Master.uasset" 347
"../../../Engine/Content/Functions/Engine_MaterialFunctions01/Shading/ConvertFromDiffSpec.uasset" 348
"../../../Engine/Content/Functions/Engine_MaterialFunctions01/Shading/PowerToRoughness.uasset" 349
"../../../Engine/Content/Maps/Templates/Thumbnails/Default.uasset" 350
"../../../Engine/Content/Maps/Templates/Thumbnails/VR-Basic.uasset" 351
"../../../Engine/Content/MobileResources/T_MobileControls_texture.uasset" 352
"../../../Engine/Content/MobileResources/T_MobileMenu2.uasset" 353
"../../../Engine/Content/MobileResources/HUD/AnalogHat.uasset" 354
"../../../Engine/Content/MobileResources/HUD/VirtualJoystick_Background.uasset" 355
"../../../Engine/Content/MobileResources/HUD/VirtualJoystick_Thumb.uasset" 356
"../../../Engine/Content/MobileResources/HUD/DefaultVirtualJoysticks.uasset" 357
"../../../Engine/Content/MobileResources/HUD/LeftVirtualJoystickOnly.uasset" 358
"../../../Engine/Content/MobileResources/HUD/MobileHUDButton1_off.uasset" 359
"../../../Engine/Content/MobileResources/HUD/MobileHUDButton1_on.uasset" 360
"../../../Engine/Content/MobileResources/HUD/MobileHUDButton2_off.uasset" 361
"../../../Engine/Content/MobileResources/HUD/MobileHUDButton2_on.uasset" 362
"../../../Engine/Content/MobileResources/HUD/MobileHUDButton3.uasset" 363
"../../../Engine/Content/MobileResources/HUD/MobileHUDButtonFire.uasset" 364
"../../../Engine/Content/MobileResources/HUD/MobileHUDDirectionPad.uasset" 365
"../../../Engine/Content/MobileResources/HUD/MobileHUDDirectionPad2.uasset" 366
"../../../Engine/Content/MobileResources/HUD/MobileHUDDirectionPad3.uasset" 367
"../../../Engine/Content/MobileResources/HUD/MobileHUDDirectionStick.uasset" 368
"../../../Engine/Content/MobileResources/HUD/T_Castle_ThumbstickInner.uasset" 369
"../../../Engine/Content/MobileResources/HUD/T_Castle_ThumbstickOutter.uasset" 370
"../../../Engine/Content/Tutorial/ContentIntroCurve.uasset" 371
"../../../Engine/Content/Tutorial/Basics/LevelEditorAttract.uasset" 372
"../../../Engine/Content/VREditor/LaserPointer/VR_LaserPower_01.uasset" 373
"../../../Engine/Content/VREditor/TransformGizmo/TransformGizmoMaterial.uasset" 374
"../../../Engine/Content/VREditor/TransformGizmo/TranslucentTransformGizmoMaterial.uasset" 375
"../../../Engine/Content/VREditor/TransformGizmo/BoundingBoxCorner.uasset" 376
"../../../Engine/Content/VREditor/TransformGizmo/BoundingBoxEdge.uasset" 377
"../../../Engine/Content/VREditor/TransformGizmo/PlaneTranslationHandle.uasset" 378
"../../../Engine/Content/VREditor/TransformGizmo/Main.uasset" 379
"../../../Engine/Content/VREditor/TransformGizmo/Xray.uasset" 380
"../../../Engine/Content/VREditor/TransformGizmo/SM_Sequencer_Key.uasset" 381
"../../../Engine/Content/VREditor/TransformGizmo/SM_Sequencer_Node.uasset" 382
"../../Plugins/2D/Paper2D/Content/PlaceholderTextures/DummySpriteTexture.uasset" 383
"../../Plugins/2D/Paper2D/Content/DummySprite.uasset" 384
"../../Plugins/2D/Paper2D/Content/DefaultPaperTerrainMaterial.uasset" 385
"../../Plugins/2D/Paper2D/Content/DummySpriteTexture.uasset" 386
"../../Plugins/2D/Paper2D/Content/DefaultSpriteMaterial.uasset" 387
"../../Plugins/2D/Paper2D/Content/MaskedUnlitSpriteMaterial.uasset" 388
"../../Plugins/2D/Paper2D/Content/OpaqueUnlitSpriteMaterial.uasset" 389
"../../Plugins/Runtime/Oculus/OculusVR/Content/OculusMR_RenderTarget.uasset" 390
"../../../Engine/Content/Functions/Engine_MaterialFunctions02/Utility/BreakOutFloat4Components.uasset" 391
"../../../Engine/Content/Functions/Engine_MaterialFunctions02/Utility/MakeFloat2.uasset" 392
"../../../Engine/Content/Functions/Engine_MaterialFunctions02/Utility/MakeFloat3.uasset" 393
"../../Plugins/Runtime/Oculus/OculusVR/Content/Materials/OculusMR_ChromaKey.uasset" 394
"../../Plugins/Runtime/Oculus/OculusVR/Content/Materials/OculusMR_ChromaKey_Lit.uasset" 395
"../../Plugins/Runtime/Oculus/OculusVR/Content/Materials/OculusMR_OpaqueColoredMaterial.uasset" 396
"../../Plugins/Runtime/Oculus/OculusVR/Content/Materials/OculusMR_WhiteMaterial.uasset" 397
"../../Plugins/Runtime/Oculus/OculusVR/Content/Materials/PokeAHoleMaterial.uasset" 398
"../../Plugins/Runtime/Oculus/OculusVR/Content/Textures/GearVRController_AO.uasset" 399
"../../Plugins/Runtime/Oculus/OculusVR/Content/Textures/GearVRController_Color.uasset" 400
"../../Plugins/Runtime/Oculus/OculusVR/Content/Textures/GearVRController_Normal.uasset" 401
"../../Plugins/Runtime/Oculus/OculusVR/Content/Materials/GearVRControllerMaterial.uasset" 402
"../../Plugins/Runtime/Oculus/OculusVR/Content/Meshes/GearVrController.uasset" 403
"../../Plugins/Runtime/Oculus/OculusVR/Content/Textures/touchController_albedo.uasset" 404
"../../Plugins/Runtime/Oculus/OculusVR/Content/Textures/touchController_controlmap.uasset" 405
"../../Plugins/Runtime/Oculus/OculusVR/Content/Materials/touchController_mat.uasset" 406
"../../Plugins/Runtime/Oculus/OculusVR/Content/Meshes/LeftTouchController.uasset" 407
"../../Plugins/Runtime/Oculus/OculusVR/Content/Meshes/RiftHMD.uasset" 408
"../../Plugins/Runtime/Oculus/OculusVR/Content/Meshes/RightTouchController.uasset" 409
"../../../Engine/Content/EngineSky/C_Sky_Cloud_Color.uasset" 410
"../../../Engine/Content/EngineSky/C_Sky_Horizon_Color.uasset" 411
"../../../Engine/Content/EngineSky/C_Sky_Zenith_Color.uasset" 412
"../../../Engine/Content/EngineSky/T_Sky_Blue.uasset" 413
"../../../Engine/Content/EngineSky/T_Sky_Clouds_M.uasset" 414
"../../../Engine/Content/EngineSky/T_Sky_Stars.uasset" 415
"../../../Engine/Content/EngineSky/M_Sky_Panning_Clouds2.uasset" 416
"../../../Engine/Content/EngineSky/SM_SkySphere.uasset" 417
"../../../Engine/Content/EngineSky/BP_Sky_Sphere.uasset" 418
"../../../../Ghost/GhostProj/Content/FreeFurniturePack/Materials/M_Bed_drawer_metall.uasset" 419
"../../../../Ghost/GhostProj/Content/FreeFurniturePack/Materials/M_Bed_drawer_plastic.uasset" 420
"../../../../Ghost/GhostProj/Content/FreeFurniturePack/Meshes/SM_Bed_Drawer.uasset" 421
"../../../../Ghost/GhostProj/Content/FreeFurniturePack/Materials/M_Metall.uasset" 422
"../../../../Ghost/GhostProj/Content/FreeFurniturePack/Meshes/SM_Bed_Drawer_Openable_Part.uasset" 423
"../../../../Ghost/GhostProj/Content/FreeFurniturePack/Blueprints/BP_Bed_Drawer.uasset" 424
"../../../../Ghost/GhostProj/Content/FreeFurniturePack/Textures/T_Classic_Commode_A.uasset" 425
"../../../../Ghost/GhostProj/Content/FreeFurniturePack/Textures/T_Classic_Commode_M_R_AO.uasset" 426
"../../../../Ghost/GhostProj/Content/FreeFurniturePack/Textures/T_Classic_Commode_N.uasset" 427
"../../../../Ghost/GhostProj/Content/FreeFurniturePack/Materials/M_Classic_Commode.uasset" 428
"../../../../Ghost/GhostProj/Content/FreeFurniturePack/Meshes/SM_Classic_Commode.uasset" 429
"../../../../Ghost/GhostProj/Content/FreeFurniturePack/Meshes/SM_Classic_Commode_Drawer_1.uasset" 430
"../../../../Ghost/GhostProj/Content/FreeFurniturePack/Meshes/SM_Classic_Commode_Drawer_2.uasset" 431
"../../../../Ghost/GhostProj/Content/FreeFurniturePack/Blueprints/BP_Classic_Commode.uasset" 432
"../../../../Ghost/GhostProj/Content/FreeFurniturePack/Meshes/SM_Classic_Commode_2.uasset" 433
"../../../../Ghost/GhostProj/Content/FreeFurniturePack/Blueprints/BP_Classic_Commode_2.uasset" 434
"../../../../Ghost/GhostProj/Content/FreeFurniturePack/Textures/T_Classic_Cupboard_A.uasset" 435
"../../../../Ghost/GhostProj/Content/FreeFurniturePack/Textures/T_Classic_Cupboard_M_R_AO.uasset" 436
"../../../../Ghost/GhostProj/Content/FreeFurniturePack/Textures/T_Classic_Cupboard_N.uasset" 437
"../../../../Ghost/GhostProj/Content/FreeFurniturePack/Materials/M_Classic_Cupboard.uasset" 438
"../../../../Ghost/GhostProj/Content/FreeFurniturePack/Meshes/SM_Classic_Cupboard.uasset" 439
"../../../../Ghost/GhostProj/Content/FreeFurniturePack/Meshes/SM_Classic_Cupboard_Door_Left.uasset" 440
"../../../../Ghost/GhostProj/Content/FreeFurniturePack/Meshes/SM_Classic_Cupboard_Door_Right.uasset" 441
"../../../../Ghost/GhostProj/Content/FreeFurniturePack/Meshes/SM_Classic_Cupboard_Drawer.uasset" 442
"../../../../Ghost/GhostProj/Content/FreeFurniturePack/Blueprints/BP_Classic_Cupboard.uasset" 443
"../../../../Ghost/GhostProj/Content/FreeFurniturePack/Materials/M_Chrome.uasset" 444
"../../../Engine/Content/Functions/Engine_MaterialFunctions01/Texturing/DetailTexturing.uasset" 445
"../../../../Ghost/GhostProj/Content/FreeFurniturePack/Textures/T_NormalPlaceHolder.uasset" 446
"../../../../Ghost/GhostProj/Content/FreeFurniturePack/Textures/T_Wood_A.uasset" 447
"../../../../Ghost/GhostProj/Content/FreeFurniturePack/Textures/T_Wood_N.uasset" 448
"../../../../Ghost/GhostProj/Content/FreeFurniturePack/Textures/T_Wood_R.uasset" 449
"../../../../Ghost/GhostProj/Content/FreeFurniturePack/Materials/M_Modern_Cupboard.uasset" 450
"../../../../Ghost/GhostProj/Content/FreeFurniturePack/Meshes/SM_Modern_Cupboard.uasset" 451
"../../../../Ghost/GhostProj/Content/FreeFurniturePack/Materials/M_Cupboard_Metall.uasset" 452
"../../../../Ghost/GhostProj/Content/FreeFurniturePack/Meshes/SM_Modern_Cupboard_Sliding_Door.uasset" 453
"../../../../Ghost/GhostProj/Content/FreeFurniturePack/Blueprints/BP_Modern_Cupboard.uasset" 454
"../../../../Ghost/GhostProj/Content/FreeFurniturePack/Maps/Overview_BuiltData.uasset" 455
"../../../../Ghost/GhostProj/Content/FreeFurniturePack/Textures/T_Classic_chair_a.uasset" 456
"../../../../Ghost/GhostProj/Content/FreeFurniturePack/Textures/T_Classic_chair_m_r_ao.uasset" 457
"../../../../Ghost/GhostProj/Content/FreeFurniturePack/Textures/T_Classic_chair_n.uasset" 458
"../../../../Ghost/GhostProj/Content/FreeFurniturePack/Materials/M_Classic_chair.uasset" 459
"../../../../Ghost/GhostProj/Content/FreeFurniturePack/Textures/T_Classic_Leather_Armchair_a.uasset" 460
"../../../../Ghost/GhostProj/Content/FreeFurniturePack/Textures/T_Classic_Leather_Armchair_n.uasset" 461
"../../../../Ghost/GhostProj/Content/FreeFurniturePack/Textures/T_Leather_armchair_m_r_ao.uasset" 462
"../../../../Ghost/GhostProj/Content/FreeFurniturePack/Textures/T_Leather_N.uasset" 463
"../../../../Ghost/GhostProj/Content/FreeFurniturePack/Materials/M_Classic_Leather_armchair.uasset" 464
"../../../../Ghost/GhostProj/Content/FreeFurniturePack/Textures/T_Classic_table_a.uasset" 465
"../../../../Ghost/GhostProj/Content/FreeFurniturePack/Textures/T_Classic_table_m_r_ao.uasset" 466
"../../../../Ghost/GhostProj/Content/FreeFurniturePack/Textures/T_Classic_table_n.uasset" 467
"../../../../Ghost/GhostProj/Content/FreeFurniturePack/Materials/M_Classic_table.uasset" 468
"../../../../Ghost/GhostProj/Content/FreeFurniturePack/Textures/T_Elegant_chair_a.uasset" 469
"../../../../Ghost/GhostProj/Content/FreeFurniturePack/Textures/T_Elegant_chair_m_r_ao.uasset" 470
"../../../../Ghost/GhostProj/Content/FreeFurniturePack/Textures/T_Elegant_chair_n.uasset" 471
"../../../../Ghost/GhostProj/Content/FreeFurniturePack/Materials/M_Elegant_chair.uasset" 472
"../../../../Ghost/GhostProj/Content/FreeFurniturePack/Materials/M_Modern_Table_top.uasset" 473
"../../../../Ghost/GhostProj/Content/FreeFurniturePack/Textures/T_Round_table_a.uasset" 474
"../../../../Ghost/GhostProj/Content/FreeFurniturePack/Textures/T_Round_table_m_r_ao.uasset" 475
"../../../../Ghost/GhostProj/Content/FreeFurniturePack/Textures/T_Round_table_n.uasset" 476
"../../../../Ghost/GhostProj/Content/FreeFurniturePack/Materials/M_Round_table.uasset" 477
"../../../Engine/Content/MapTemplates/SM_Template_Map_Floor.uasset" 478
"../../../../Ghost/GhostProj/Content/FreeFurniturePack/Textures/T_Bathtub_M.uasset" 479
"../../../../Ghost/GhostProj/Content/FreeFurniturePack/Textures/T_Bathtub_N.uasset" 480
"../../../../Ghost/GhostProj/Content/FreeFurniturePack/Materials/M_Bathtub.uasset" 481
"../../../../Ghost/GhostProj/Content/FreeFurniturePack/Meshes/SM_Bathtub.uasset" 482
"../../../../Ghost/GhostProj/Content/FreeFurniturePack/Textures/T_Bed_Lamp_1_Mask.uasset" 483
"../../../../Ghost/GhostProj/Content/FreeFurniturePack/Materials/M_Bed_Lamp_1.uasset" 484
"../../../../Ghost/GhostProj/Content/FreeFurniturePack/Meshes/SM_Bed_Lamp_1.uasset" 485
"../../../../Ghost/GhostProj/Content/FreeFurniturePack/Textures/T_Bed_Lamp_2_Mask.uasset" 486
"../../../../Ghost/GhostProj/Content/FreeFurniturePack/Materials/M_Bed_Lamp_2.uasset" 487
"../../../../Ghost/GhostProj/Content/FreeFurniturePack/Meshes/SM_Bed_Lamp_2.uasset" 488
"../../../../Ghost/GhostProj/Content/FreeFurniturePack/Materials/M_Bed_Lamp_3.uasset" 489
"../../../../Ghost/GhostProj/Content/FreeFurniturePack/Materials/M_Bed_Lamp_Glowing_Part.uasset" 490
"../../../../Ghost/GhostProj/Content/FreeFurniturePack/Meshes/SM_Bed_lamp_3.uasset" 491
"../../../Engine/Content/EngineMaterials/BlendFunc_DefBase.uasset" 492
"../../../Engine/Content/EngineMaterials/BlendFunc_DefBlend.uasset" 493
"../../../Engine/Content/Functions/Engine_MaterialFunctions03/Blends/Blend_Screen.uasset" 494
"../../../../Ghost/GhostProj/Content/FreeFurniturePack/Textures/T_WhitePlaceHolder.uasset" 495
"../../../../Ghost/GhostProj/Content/FreeFurniturePack/Materials/MM_Tables_and_Chairs.uasset" 496
"../../../../Ghost/GhostProj/Content/FreeFurniturePack/Textures/T_Bed_Table_Mask.uasset" 497
"../../../../Ghost/GhostProj/Content/FreeFurniturePack/Materials/MI_Modern_Bed_Table.uasset" 498
"../../../../Ghost/GhostProj/Content/FreeFurniturePack/Meshes/SM_Bed_Table.uasset" 499
"../../../../Ghost/GhostProj/Content/FreeFurniturePack/Meshes/SM_Classic_chair.uasset" 500
"../../../../Ghost/GhostProj/Content/FreeFurniturePack/Meshes/SM_Classic_Leather_Armchair.uasset" 501
"../../../../Ghost/GhostProj/Content/FreeFurniturePack/Textures/T_Classic_Leather_sofa_a.uasset" 502
"../../../../Ghost/GhostProj/Content/FreeFurniturePack/Textures/T_Classic_Leather_sofa_m_r_ao.uasset" 503
"../../../../Ghost/GhostProj/Content/FreeFurniturePack/Textures/T_Classic_Leather_sofa_n.uasset" 504
"../../../../Ghost/GhostProj/Content/FreeFurniturePack/Materials/M_Classic_Leather_sofa.uasset" 505
"../../../../Ghost/GhostProj/Content/FreeFurniturePack/Meshes/SM_Classic_Leather_Sofa.uasset" 506
"../../../../Ghost/GhostProj/Content/FreeFurniturePack/Textures/T_Classic_Leather_sofa_2_a.uasset" 507
"../../../../Ghost/GhostProj/Content/FreeFurniturePack/Textures/T_Classic_Leather_Sofa_2_M_R_AO.uasset" 508
"../../../../Ghost/GhostProj/Content/FreeFurniturePack/Textures/T_Classic_Leather_sofa_2_n.uasset" 509
"../../../../Ghost/GhostProj/Content/FreeFurniturePack/Materials/M_Classic_Leather_sofa_2.uasset" 510
"../../../../Ghost/GhostProj/Content/FreeFurniturePack/Meshes/SM_Classic_Leather_sofa_2.uasset" 511
"../../../../Ghost/GhostProj/Content/FreeFurniturePack/Textures/T_Art_2.uasset" 512
"../../../../Ghost/GhostProj/Content/FreeFurniturePack/Materials/M_Art_2.uasset" 513
"../../../../Ghost/GhostProj/Content/FreeFurniturePack/Textures/T_Classic_Picture_A.uasset" 514
"../../../../Ghost/GhostProj/Content/FreeFurniturePack/Textures/T_Classic_Picture_M_R_AO.uasset" 515
"../../../../Ghost/GhostProj/Content/FreeFurniturePack/Textures/T_Classic_Picture_n.uasset" 516
"../../../../Ghost/GhostProj/Content/FreeFurniturePack/Materials/M_Classic_Picture.uasset" 517
"../../../../Ghost/GhostProj/Content/FreeFurniturePack/Meshes/SM_Classic_Picture.uasset" 518
"../../../../Ghost/GhostProj/Content/FreeFurniturePack/Meshes/SM_Classic_Round_Table.uasset" 519
"../../../../Ghost/GhostProj/Content/FreeFurniturePack/Meshes/SM_Classic_table.uasset" 520
"../../../../Ghost/GhostProj/Content/FreeFurniturePack/Textures/T_Coffee_Table_M.uasset" 521
"../../../../Ghost/GhostProj/Content/FreeFurniturePack/Materials/M_Coffee_Table.uasset" 522
"../../../../Ghost/GhostProj/Content/FreeFurniturePack/Meshes/SM_Coffee_Table.uasset" 523
"../../../../Ghost/GhostProj/Content/FreeFurniturePack/Materials/M_Commode.uasset" 524
"../../../../Ghost/GhostProj/Content/FreeFurniturePack/Meshes/SM_Commode.uasset" 525
"../../../../Ghost/GhostProj/Content/FreeFurniturePack/Meshes/SM_Elegant_chair.uasset" 526
"../../../../Ghost/GhostProj/Content/FreeFurniturePack/Meshes/SM_Elegant_chair_ottoman.uasset" 527
"../../../../Ghost/GhostProj/Content/FreeFurniturePack/Textures/T_Military_Bed_A.uasset" 528
"../../../../Ghost/GhostProj/Content/FreeFurniturePack/Textures/T_Military_Bed_M_R.uasset" 529
"../../../../Ghost/GhostProj/Content/FreeFurniturePack/Textures/T_Military_Bed_N.uasset" 530
"../../../../Ghost/GhostProj/Content/FreeFurniturePack/Materials/M_Military_Bed.uasset" 531
"../../../../Ghost/GhostProj/Content/FreeFurniturePack/Materials/M_Military_Bed_Grid.uasset" 532
"../../../../Ghost/GhostProj/Content/FreeFurniturePack/Textures/T_Military_Bed_Mattress_A.uasset" 533
"../../../../Ghost/GhostProj/Content/FreeFurniturePack/Textures/T_Military_Bed_Mattress_N.uasset" 534
"../../../../Ghost/GhostProj/Content/FreeFurniturePack/Textures/T_Military_Bed_Mattress_R_AO.uasset" 535
"../../../../Ghost/GhostProj/Content/FreeFurniturePack/Materials/M_Military_Bed_Matress.uasset" 536
"../../../../Ghost/GhostProj/Content/FreeFurniturePack/Materials/M_Military_Bed_Matress_with_Blanket.uasset" 537
"../../../../Ghost/GhostProj/Content/FreeFurniturePack/Meshes/SM_Military_Bed.uasset" 538
"../../../../Ghost/GhostProj/Content/FreeFurniturePack/Meshes/SM_Military_Bed_2.uasset" 539
"../../../../Ghost/GhostProj/Content/FreeFurniturePack/Materials/MM_Armchair.uasset" 540
"../../../../Ghost/GhostProj/Content/FreeFurniturePack/Textures/T_Fabric_A.uasset" 541
"../../../../Ghost/GhostProj/Content/FreeFurniturePack/Textures/T_Fabric_N.uasset" 542
"../../../../Ghost/GhostProj/Content/FreeFurniturePack/Textures/T_Modern_Armchair_AO.uasset" 543
"../../../../Ghost/GhostProj/Content/FreeFurniturePack/Textures/T_Modern_Armchair_m.uasset" 544
"../../../../Ghost/GhostProj/Content/FreeFurniturePack/Textures/T_modern_Armchair_N.uasset" 545
"../../../../Ghost/GhostProj/Content/FreeFurniturePack/Materials/MI_Modern_Armchair.uasset" 546
"../../../../Ghost/GhostProj/Content/FreeFurniturePack/Materials/MM_Modern_Sofa.uasset" 547
"../../../../Ghost/GhostProj/Content/FreeFurniturePack/Textures/T_Modern_Sofa_2_m.uasset" 548
"../../../../Ghost/GhostProj/Content/FreeFurniturePack/Textures/T_Modern_Sofa_2_N.uasset" 549
"../../../../Ghost/GhostProj/Content/FreeFurniturePack/Materials/MI_Modern_Armchair_Pillows.uasset" 550
"../../../../Ghost/GhostProj/Content/FreeFurniturePack/Meshes/SM_Modern_Armchair.uasset" 551
"../../../../Ghost/GhostProj/Content/FreeFurniturePack/Materials/MM_Modern_Bed.uasset" 552
"../../../../Ghost/GhostProj/Content/FreeFurniturePack/Textures/T_Bed_1_Bottom_Mask.uasset" 553
"../../../../Ghost/GhostProj/Content/FreeFurniturePack/Textures/T_Blanket_Pattern_1.uasset" 554
"../../../../Ghost/GhostProj/Content/FreeFurniturePack/Textures/T_Blanket_Pattern_1_R.uasset" 555
"../../../../Ghost/GhostProj/Content/FreeFurniturePack/Textures/T_Modern_Bed_1_AO.uasset" 556
"../../../../Ghost/GhostProj/Content/FreeFurniturePack/Textures/T_Modern_Bed_1_N.uasset" 557
"../../../../Ghost/GhostProj/Content/FreeFurniturePack/Materials/MI_Modern_Bed.uasset" 558
"../../../../Ghost/GhostProj/Content/FreeFurniturePack/Materials/MM_Modern_Bed_pillows.uasset" 559
"../../../../Ghost/GhostProj/Content/FreeFurniturePack/Textures/T_Bed_1_Pillows_Mask.uasset" 560
"../../../../Ghost/GhostProj/Content/FreeFurniturePack/Materials/MI_Modern_Bed_Pillows.uasset" 561
"../../../../Ghost/GhostProj/Content/FreeFurniturePack/Meshes/SM_Modern_Bed_1.uasset" 562
"../../../../Ghost/GhostProj/Content/FreeFurniturePack/Textures/T_Modern_Bed_2_A.uasset" 563
"../../../../Ghost/GhostProj/Content/FreeFurniturePack/Textures/T_Modern_Bed_2_AO_R_M.uasset" 564
"../../../../Ghost/GhostProj/Content/FreeFurniturePack/Textures/T_Modern_Bed_2_N.uasset" 565
"../../../../Ghost/GhostProj/Content/FreeFurniturePack/Materials/M_Modern_Bed_2.uasset" 566
"../../../../Ghost/GhostProj/Content/FreeFurniturePack/Meshes/SM_Modern_Bed_2.uasset" 567
"../../../../Ghost/GhostProj/Content/FreeFurniturePack/Textures/T_Modern_Chair_1_AO.uasset" 568
"../../../../Ghost/GhostProj/Content/FreeFurniturePack/Textures/T_Modern_Chair_1_mask.uasset" 569
"../../../../Ghost/GhostProj/Content/FreeFurniturePack/Textures/T_Modern_Chair_1_N.uasset" 570
"../../../../Ghost/GhostProj/Content/FreeFurniturePack/Materials/MI_Modern_Chair_1.uasset" 571
"../../../../Ghost/GhostProj/Content/FreeFurniturePack/Meshes/SM_Modern_Chair_1.uasset" 572
"../../../../Ghost/GhostProj/Content/FreeFurniturePack/Textures/T_Office_Chair_M.uasset" 573
"../../../../Ghost/GhostProj/Content/FreeFurniturePack/Textures/T_Office_Chair_M_R_AO.uasset" 574
"../../../../Ghost/GhostProj/Content/FreeFurniturePack/Textures/T_Office_Chair_N.uasset" 575
"../../../../Ghost/GhostProj/Content/FreeFurniturePack/Materials/M_Office_Chair.uasset" 576
"../../../../Ghost/GhostProj/Content/FreeFurniturePack/Meshes/SM_Modern_Office_chair.uasset" 577
"../../../../Ghost/GhostProj/Content/FreeFurniturePack/Textures/T_Fabric_pillow_a.uasset" 578
"../../../../Ghost/GhostProj/Content/FreeFurniturePack/Textures/T_Fabric_pillow_N.uasset" 579
"../../../../Ghost/GhostProj/Content/FreeFurniturePack/Textures/T_Noise.uasset" 580
"../../../../Ghost/GhostProj/Content/FreeFurniturePack/Textures/T_Sofa_1_AO.uasset" 581
"../../../../Ghost/GhostProj/Content/FreeFurniturePack/Textures/T_Sofa_1_mask.uasset" 582
"../../../../Ghost/GhostProj/Content/FreeFurniturePack/Textures/T_Sofa_1_N.uasset" 583
"../../../../Ghost/GhostProj/Content/FreeFurniturePack/Materials/MI_Modern_Sofa_1.uasset" 584
"../../../../Ghost/GhostProj/Content/FreeFurniturePack/Meshes/SM_Modern_Sofa_1.uasset" 585
"../../../../Ghost/GhostProj/Content/FreeFurniturePack/Textures/T_Modern_Sofa_2_AO.uasset" 586
"../../../../Ghost/GhostProj/Content/FreeFurniturePack/Materials/MI_Modern_Sofa_2.uasset" 587
"../../../../Ghost/GhostProj/Content/FreeFurniturePack/Meshes/SM_Modern_Sofa_2.uasset" 588
"../../../../Ghost/GhostProj/Content/FreeFurniturePack/Materials/M_Modern_Table_bottom.uasset" 589
"../../../../Ghost/GhostProj/Content/FreeFurniturePack/Meshes/SM_Modern_Table.uasset" 590
"../../../../Ghost/GhostProj/Content/FreeFurniturePack/Textures/T_Old_Chair_a.uasset" 591
"../../../../Ghost/GhostProj/Content/FreeFurniturePack/Textures/T_Old_Chair_m_r_ao.uasset" 592
"../../../../Ghost/GhostProj/Content/FreeFurniturePack/Textures/T_Old_Chair_N.uasset" 593
"../../../../Ghost/GhostProj/Content/FreeFurniturePack/Materials/M_Old_Chair.uasset" 594
"../../../../Ghost/GhostProj/Content/FreeFurniturePack/Meshes/SM_Old_Chair.uasset" 595
"../../../../Ghost/GhostProj/Content/FreeFurniturePack/Textures/T_Old_Table_a.uasset" 596
"../../../../Ghost/GhostProj/Content/FreeFurniturePack/Textures/T_Old_table_m_r_ao.uasset" 597
"../../../../Ghost/GhostProj/Content/FreeFurniturePack/Textures/T_Old_Table_n.uasset" 598
"../../../../Ghost/GhostProj/Content/FreeFurniturePack/Materials/M_Old_Table.uasset" 599
"../../../../Ghost/GhostProj/Content/FreeFurniturePack/Meshes/SM_Old_Table.uasset" 600
"../../../../Ghost/GhostProj/Content/FreeFurniturePack/Textures/T_Art_1.uasset" 601
"../../../../Ghost/GhostProj/Content/FreeFurniturePack/Materials/M_Picture.uasset" 602
"../../../../Ghost/GhostProj/Content/FreeFurniturePack/Materials/M_Picture_frame.uasset" 603
"../../../../Ghost/GhostProj/Content/FreeFurniturePack/Meshes/SM_Picture.uasset" 604
"../../../../Ghost/GhostProj/Content/FreeFurniturePack/Textures/T_Table_Lamp_A.uasset" 605
"../../../../Ghost/GhostProj/Content/FreeFurniturePack/Textures/T_Table_Lamp_M_R_AO.uasset" 606
"../../../../Ghost/GhostProj/Content/FreeFurniturePack/Textures/T_Table_Lamp_N.uasset" 607
"../../../../Ghost/GhostProj/Content/FreeFurniturePack/Materials/T_Table_Lamp.uasset" 608
"../../../../Ghost/GhostProj/Content/FreeFurniturePack/Meshes/SM_Table_Lamp.uasset" 609
"../../../../Ghost/GhostProj/Content/FreeFurniturePack/Textures/T_Toilet_M.uasset" 610
"../../../../Ghost/GhostProj/Content/FreeFurniturePack/Textures/T_Toilet_N.uasset" 611
"../../../../Ghost/GhostProj/Content/FreeFurniturePack/Materials/M_Toilet.uasset" 612
"../../../../Ghost/GhostProj/Content/FreeFurniturePack/Meshes/SM_Toilet.uasset" 613
"../../../../Ghost/GhostProj/Content/FreeFurniturePack/Textures/T_TV_M.uasset" 614
"../../../../Ghost/GhostProj/Content/FreeFurniturePack/Materials/M_TV.uasset" 615
"../../../../Ghost/GhostProj/Content/FreeFurniturePack/Meshes/SM_TV.uasset" 616
"../../../../Ghost/GhostProj/Content/FreeFurniturePack/Maps/Overview.umap" 617
"../../../../Ghost/GhostProj/Content/ModularTownVillage/Maps/Overview_BuiltData.uasset" 618
"../../../../Ghost/GhostProj/Content/ModularTownVillage/Materials/MI_decal_02.uasset" 619
"../../../../Ghost/GhostProj/Content/ModularTownVillage/Textures/T_decal_03.uasset" 620
"../../../../Ghost/GhostProj/Content/ModularTownVillage/Materials/MI_decal_04.uasset" 621
"../../../../Ghost/GhostProj/Content/ModularTownVillage/Textures/T_door_D.uasset" 622
"../../../../Ghost/GhostProj/Content/ModularTownVillage/Textures/T_door_N.uasset" 623
"../../../../Ghost/GhostProj/Content/ModularTownVillage/Textures/T_door_ORM.uasset" 624
"../../../../Ghost/GhostProj/Content/ModularTownVillage/Materials/MI_door.uasset" 625
"../../../../Ghost/GhostProj/Content/ModularTownVillage/Materials/MI_roof_01_blue.uasset" 626
"../../../../Ghost/GhostProj/Content/ModularTownVillage/Materials/MI_roof_02.uasset" 627
"../../../../Ghost/GhostProj/Content/ModularTownVillage/Materials/MI_roof_02_red.uasset" 628
"../../../../Ghost/GhostProj/Content/ModularTownVillage/Materials/M_emissive.uasset" 629
"../../../../Ghost/GhostProj/Content/ModularTownVillage/Materials/MI_window_glass.uasset" 630
"../../../../Ghost/GhostProj/Content/ModularTownVillage/Materials/MI_window_glass_yeloow.uasset" 631
"../../../../Ghost/GhostProj/Content/ModularTownVillage/Meshes/SM_1_wheel.uasset" 632
"../../../../Ghost/GhostProj/Content/ModularTownVillage/Meshes/SM_2_wheels.uasset" 633
"../../../../Ghost/GhostProj/Content/ModularTownVillage/Meshes/SM_balcony.uasset" 634
"../../../../Ghost/GhostProj/Content/ModularTownVillage/Meshes/SM_balcony_side_small_part.uasset" 635
"../../../../Ghost/GhostProj/Content/ModularTownVillage/Meshes/SM_balk_01.uasset" 636
"../../../../Ghost/GhostProj/Content/ModularTownVillage/Meshes/SM_balk_02.uasset" 637
"../../../../Ghost/GhostProj/Content/ModularTownVillage/Meshes/SM_balk_03.uasset" 638
"../../../../Ghost/GhostProj/Content/ModularTownVillage/Textures/T_barrel_N.uasset" 639
"../../../../Ghost/GhostProj/Content/ModularTownVillage/Textures/T_barrel_ORM.uasset" 640
"../../../../Ghost/GhostProj/Content/ModularTownVillage/Materials/MI_barrel.uasset" 641
"../../../../Ghost/GhostProj/Content/ModularTownVillage/Meshes/SM_barrel.uasset" 642
"../../../../Ghost/GhostProj/Content/ModularTownVillage/Meshes/SM_barrel_broken.uasset" 643
"../../../../Ghost/GhostProj/Content/ModularTownVillage/Meshes/SM_barrel_empty.uasset" 644
"../../../../Ghost/GhostProj/Content/ModularTownVillage/Meshes/SM_barrel_filled.uasset" 645
"../../../../Ghost/GhostProj/Content/ModularTownVillage/Meshes/SM_barrel_ring.uasset" 646
"../../../../Ghost/GhostProj/Content/ModularTownVillage/Meshes/SM_bench.uasset" 647
"../../../../Ghost/GhostProj/Content/ModularTownVillage/Textures/T_wall_door_D.uasset" 648
"../../../../Ghost/GhostProj/Content/ModularTownVillage/Textures/T_wall_door_N.uasset" 649
"../../../../Ghost/GhostProj/Content/ModularTownVillage/Textures/T_wall_door_ORM.uasset" 650
"../../../../Ghost/GhostProj/Content/ModularTownVillage/Materials/MI_wall_door.uasset" 651
"../../../../Ghost/GhostProj/Content/ModularTownVillage/Meshes/SM_big_house_floor_with_door.uasset" 652
"../../../../Ghost/GhostProj/Content/ModularTownVillage/Meshes/SM_big_house_floor_with_windows.uasset" 653
"../../../../Ghost/GhostProj/Content/ModularTownVillage/Meshes/SM_big_house_roof_floor_01.uasset" 654
"../../../../Ghost/GhostProj/Content/ModularTownVillage/Meshes/SM_big_house_roof_floor_02.uasset" 655
"../../../../Ghost/GhostProj/Content/ModularTownVillage/Meshes/SM_big_house_roof_floor_03.uasset" 656
"../../../../Ghost/GhostProj/Content/ModularTownVillage/Textures/T_border_D.uasset" 657
"../../../../Ghost/GhostProj/Content/ModularTownVillage/Textures/T_border_N.uasset" 658
"../../../../Ghost/GhostProj/Content/ModularTownVillage/Materials/MI_border.uasset" 659
"../../../../Ghost/GhostProj/Content/ModularTownVillage/Meshes/SM_border.uasset" 660
"../../../../Ghost/GhostProj/Content/ModularTownVillage/Meshes/SM_border_round.uasset" 661
"../../../../Ghost/GhostProj/Content/ModularTownVillage/Meshes/SM_cart_desk.uasset" 662
"../../../../Ghost/GhostProj/Content/ModularTownVillage/Meshes/SM_cart_no_wheel.uasset" 663
"../../../../Ghost/GhostProj/Content/ModularTownVillage/Textures/T_chimney_D.uasset" 664
"../../../../Ghost/GhostProj/Content/ModularTownVillage/Textures/T_chimney_N.uasset" 665
"../../../../Ghost/GhostProj/Content/ModularTownVillage/Textures/T_chimney_ORM.uasset" 666
"../../../../Ghost/GhostProj/Content/ModularTownVillage/Materials/MI_chimney.uasset" 667
"../../../../Ghost/GhostProj/Content/ModularTownVillage/Meshes/SM_chimney.uasset" 668
"../../../../Ghost/GhostProj/Content/ModularTownVillage/Materials/MI_sack.uasset" 669
"../../../../Ghost/GhostProj/Content/ModularTownVillage/Meshes/SM_corn.uasset" 670
"../../../../Ghost/GhostProj/Content/ModularTownVillage/Textures/T_floor_D.uasset" 671
"../../../../Ghost/GhostProj/Content/ModularTownVillage/Textures/T_floor_N.uasset" 672
"../../../../Ghost/GhostProj/Content/ModularTownVillage/Textures/T_floor_ORM.uasset" 673
"../../../../Ghost/GhostProj/Content/ModularTownVillage/Materials/MI_floor.uasset" 674
"../../../../Ghost/GhostProj/Content/ModularTownVillage/Meshes/SM_crate.uasset" 675
"../../../../Ghost/GhostProj/Content/ModularTownVillage/Textures/T_deco_flower_Mask.uasset" 676
"../../../../Ghost/GhostProj/Content/ModularTownVillage/Textures/T_deco_N_01.uasset" 677
"../../../../Ghost/GhostProj/Content/ModularTownVillage/Materials/M_door_deco.uasset" 678
"../../../../Ghost/GhostProj/Content/ModularTownVillage/Materials/MI_door_deco.uasset" 679
"../../../../Ghost/GhostProj/Content/ModularTownVillage/Meshes/SM_door.uasset" 680
"../../../../Ghost/GhostProj/Content/ModularTownVillage/Materials/MI_water.uasset" 681
"../../../../Ghost/GhostProj/Content/ModularTownVillage/Meshes/SM_feeding_trough.uasset" 682
"../../../../Ghost/GhostProj/Content/ModularTownVillage/Meshes/SM_fense_end.uasset" 683
"../../../../Ghost/GhostProj/Content/ModularTownVillage/Meshes/SM_fense_part.uasset" 684
"../../../../Ghost/GhostProj/Content/ModularTownVillage/Textures/T_flag_emissive.uasset" 685
"../../../../Ghost/GhostProj/Content/ModularTownVillage/Materials/M_flag.uasset" 686
"../../../../Ghost/GhostProj/Content/ModularTownVillage/Materials/MI_flag.uasset" 687
"../../../../Ghost/GhostProj/Content/ModularTownVillage/Meshes/SM_flag.uasset" 688
"../../../../Ghost/GhostProj/Content/ModularTownVillage/Meshes/SM_floor_01.uasset" 689
"../../../../Ghost/GhostProj/Content/ModularTownVillage/Meshes/SM_floor_02.uasset" 690
"../../../../Ghost/GhostProj/Content/ModularTownVillage/Meshes/SM_floor_03.uasset" 691
"../../../../Ghost/GhostProj/Content/ModularTownVillage/Meshes/SM_floor_04.uasset" 692
"../../../Engine/Content/Functions/Engine_MaterialFunctions01/Gradient/LinearGradient.uasset" 693
"../../../Engine/Content/Functions/Engine_MaterialFunctions02/Texturing/ScreenAlignedPixelToPixelUVs.uasset" 694
"../../../Engine/Content/EngineMaterials/Good64x64TilingNoiseHighFreq.uasset" 695
"../../../Engine/Content/Functions/Engine_MaterialFunctions02/Utility/DitherTemporalAA.uasset" 696
"../../../../Ghost/GhostProj/Content/ModularTownVillage/Textures/T_flower.uasset" 697
"../../../../Ghost/GhostProj/Content/ModularTownVillage/Materials/M_grass.uasset" 698
"../../../../Ghost/GhostProj/Content/ModularTownVillage/Textures/T_branch_01.uasset" 699
"../../../../Ghost/GhostProj/Content/ModularTownVillage/Materials/MI_branch_01.uasset" 700
"../../../../Ghost/GhostProj/Content/ModularTownVillage/Meshes/SM_foliage_branches_01.uasset" 701
"../../../../Ghost/GhostProj/Content/ModularTownVillage/Textures/T_branch_02.uasset" 702
"../../../../Ghost/GhostProj/Content/ModularTownVillage/Materials/MI_branch_02.uasset" 703
"../../../../Ghost/GhostProj/Content/ModularTownVillage/Meshes/SM_foliage_branches_02.uasset" 704
"../../../../Ghost/GhostProj/Content/ModularTownVillage/Materials/MI_flower.uasset" 705
"../../../../Ghost/GhostProj/Content/ModularTownVillage/Meshes/SM_foliage_flower_01.uasset" 706
"../../../../Ghost/GhostProj/Content/ModularTownVillage/Textures/T_grass.uasset" 707
"../../../../Ghost/GhostProj/Content/ModularTownVillage/Materials/MI_grass_01.uasset" 708
"../../../../Ghost/GhostProj/Content/ModularTownVillage/Meshes/SM_foliage_grass_01.uasset" 709
"../../../../Ghost/GhostProj/Content/ModularTownVillage/Textures/T_leaf.uasset" 710
"../../../../Ghost/GhostProj/Content/ModularTownVillage/Materials/MI_grass_04.uasset" 711
"../../../../Ghost/GhostProj/Content/ModularTownVillage/Meshes/SM_foliage_grass_02.uasset" 712
"../../../../Ghost/GhostProj/Content/ModularTownVillage/Textures/T_grass_leaf.uasset" 713
"../../../../Ghost/GhostProj/Content/ModularTownVillage/Materials/MI_grass_02.uasset" 714
"../../../../Ghost/GhostProj/Content/ModularTownVillage/Meshes/SM_foliage_grass_03.uasset" 715
"../../../../Ghost/GhostProj/Content/ModularTownVillage/Textures/T_grass_leaf_02.uasset" 716
"../../../../Ghost/GhostProj/Content/ModularTownVillage/Materials/MI_grass_03.uasset" 717
"../../../../Ghost/GhostProj/Content/ModularTownVillage/Meshes/SM_foliage_grass_04.uasset" 718
"../../../../Ghost/GhostProj/Content/ModularTownVillage/Meshes/SM_foliage_tree_01.uasset" 719
"../../../../Ghost/GhostProj/Content/ModularTownVillage/Materials/MI_branch_03.uasset" 720
"../../../../Ghost/GhostProj/Content/ModularTownVillage/Materials/MI_wood_02.uasset" 721
"../../../../Ghost/GhostProj/Content/ModularTownVillage/Meshes/SM_foliage_tree_02.uasset" 722
"../../../../Ghost/GhostProj/Content/ModularTownVillage/Textures/T_blend_Mask.uasset" 723
"../../../../Ghost/GhostProj/Content/ModularTownVillage/Materials/M_blend.uasset" 724
"../../../../Ghost/GhostProj/Content/ModularTownVillage/Textures/T_brick_Mask_01.uasset" 725
"../../../../Ghost/GhostProj/Content/ModularTownVillage/Materials/MI_brick_blend.uasset" 726
"../../../../Ghost/GhostProj/Content/ModularTownVillage/Meshes/SM_foundation.uasset" 727
"../../../../Ghost/GhostProj/Content/ModularTownVillage/Materials/MI_garden_bed.uasset" 728
"../../../../Ghost/GhostProj/Content/ModularTownVillage/Meshes/SM_garden_bed.uasset" 729
"../../../../Ghost/GhostProj/Content/ModularTownVillage/Meshes/SM_house_balcony.uasset" 730
"../../../../Ghost/GhostProj/Content/ModularTownVillage/Materials/MI_inner_wall.uasset" 731
"../../../../Ghost/GhostProj/Content/ModularTownVillage/Meshes/SM_inner_door_wall.uasset" 732
"../../../../Ghost/GhostProj/Content/ModularTownVillage/Meshes/SM_inner_wall_01.uasset" 733
"../../../../Ghost/GhostProj/Content/ModularTownVillage/Meshes/SM_inner_wall_02.uasset" 734
"../../../../Ghost/GhostProj/Content/ModularTownVillage/Meshes/SM_ladder.uasset" 735
"../../../../Ghost/GhostProj/Content/ModularTownVillage/Textures/T_lamp_post_D.uasset" 736
"../../../../Ghost/GhostProj/Content/ModularTownVillage/Textures/T_lamp_post_Emissive.uasset" 737
"../../../../Ghost/GhostProj/Content/ModularTownVillage/Textures/T_lamp_post_N.uasset" 738
"../../../../Ghost/GhostProj/Content/ModularTownVillage/Textures/T_lamp_post_ORM.uasset" 739
"../../../../Ghost/GhostProj/Content/ModularTownVillage/Materials/M_lamp_post.uasset" 740
"../../../../Ghost/GhostProj/Content/ModularTownVillage/Materials/MI_lamp_post.uasset" 741
"../../../../Ghost/GhostProj/Content/ModularTownVillage/Meshes/SM_lamp_post.uasset" 742
"../../../../Ghost/GhostProj/Content/ModularTownVillage/Meshes/SM_lamp_post_hanging.uasset" 743
"../../../../Ghost/GhostProj/Content/ModularTownVillage/Meshes/SM_linen.uasset" 744
"../../../../Ghost/GhostProj/Content/ModularTownVillage/Meshes/SM_medium_house_floor_with_door.uasset" 745
"../../../../Ghost/GhostProj/Content/ModularTownVillage/Meshes/SM_medium_house_floor_with_windows.uasset" 746
"../../../../Ghost/GhostProj/Content/ModularTownVillage/Meshes/SM_medium_house_roof_floor.uasset" 747
"../../../../Ghost/GhostProj/Content/ModularTownVillage/Meshes/SM_medium_house_roof_floor_02.uasset" 748
"../../../../Ghost/GhostProj/Content/ModularTownVillage/Meshes/SM_medium_house_roof_floor_03.uasset" 749
"../../../../Ghost/GhostProj/Content/ModularTownVillage/Textures/T_planks_D.uasset" 750
"../../../../Ghost/GhostProj/Content/ModularTownVillage/Textures/T_planks_N.uasset" 751
"../../../../Ghost/GhostProj/Content/ModularTownVillage/Textures/T_planks_ORM.uasset" 752
"../../../../Ghost/GhostProj/Content/ModularTownVillage/Materials/MI_planks.uasset" 753
"../../../../Ghost/GhostProj/Content/ModularTownVillage/Meshes/SM_plank_01.uasset" 754
"../../../../Ghost/GhostProj/Content/ModularTownVillage/Meshes/SM_planks_01.uasset" 755
"../../../../Ghost/GhostProj/Content/ModularTownVillage/Meshes/SM_planks_02.uasset" 756
"../../../../Ghost/GhostProj/Content/ModularTownVillage/Meshes/SM_planks_03.uasset" 757
"../../../../Ghost/GhostProj/Content/ModularTownVillage/Materials/MI_roof_03_red.uasset" 758
"../../../../Ghost/GhostProj/Content/ModularTownVillage/Meshes/SM_ready_big_house.uasset" 759
"../../../../Ghost/GhostProj/Content/ModularTownVillage/Meshes/SM_ready_medium_house_01.uasset" 760
"../../../../Ghost/GhostProj/Content/ModularTownVillage/Textures/T_wall_05_D.uasset" 761
"../../../../Ghost/GhostProj/Content/ModularTownVillage/Textures/T_wall_05_N.uasset" 762
"../../../../Ghost/GhostProj/Content/ModularTownVillage/Textures/T_wall_05_ORM.uasset" 763
"../../../../Ghost/GhostProj/Content/ModularTownVillage/Materials/MI_wall_05.uasset" 764
"../../../../Ghost/GhostProj/Content/ModularTownVillage/Meshes/SM_ready_medium_house_02.uasset" 765
"../../../../Ghost/GhostProj/Content/ModularTownVillage/Meshes/SM_ready_small_house_01.uasset" 766
"../../../../Ghost/GhostProj/Content/ModularTownVillage/Materials/MI_roof_01_red.uasset" 767
"../../../../Ghost/GhostProj/Content/ModularTownVillage/Meshes/SM_ready_small_house_02.uasset" 768
"../../../../Ghost/GhostProj/Content/ModularTownVillage/Meshes/SM_roof.uasset" 769
"../../../../Ghost/GhostProj/Content/ModularTownVillage/Meshes/SM_roof_02.uasset" 770
"../../../../Ghost/GhostProj/Content/ModularTownVillage/Meshes/SM_roof_03.uasset" 771
"../../../../Ghost/GhostProj/Content/ModularTownVillage/Meshes/SM_roof_deco_bulk.uasset" 772
"../../../../Ghost/GhostProj/Content/ModularTownVillage/Meshes/SM_roof_long_end.uasset" 773
"../../../../Ghost/GhostProj/Content/ModularTownVillage/Meshes/SM_roof_long_middle.uasset" 774
"../../../../Ghost/GhostProj/Content/ModularTownVillage/Meshes/SM_roof_long_start.uasset" 775
"../../../../Ghost/GhostProj/Content/ModularTownVillage/Meshes/SM_roof_upper_balk.uasset" 776
"../../../../Ghost/GhostProj/Content/ModularTownVillage/Meshes/SM_roof_upper_balk_middle.uasset" 777
"../../../../Ghost/GhostProj/Content/ModularTownVillage/Meshes/SM_roof_upper_balk_oneside.uasset" 778
"../../../../Ghost/GhostProj/Content/ModularTownVillage/Meshes/SM_roof_wall.uasset" 779
"../../../../Ghost/GhostProj/Content/ModularTownVillage/Meshes/SM_roof_wall_half.uasset" 780
"../../../../Ghost/GhostProj/Content/ModularTownVillage/Meshes/SM_roof_wall_half_02.uasset" 781
"../../../../Ghost/GhostProj/Content/ModularTownVillage/Meshes/SM_roof_wall_small.uasset" 782
"../../../../Ghost/GhostProj/Content/ModularTownVillage/Meshes/SM_roof_wall_small_half.uasset" 783
"../../../../Ghost/GhostProj/Content/ModularTownVillage/Materials/MI_rope.uasset" 784
"../../../../Ghost/GhostProj/Content/ModularTownVillage/Meshes/SM_rope.uasset" 785
"../../../../Ghost/GhostProj/Content/ModularTownVillage/Meshes/SM_rope_round.uasset" 786
"../../../../Ghost/GhostProj/Content/ModularTownVillage/Meshes/SM_rope_straight.uasset" 787
"../../../../Ghost/GhostProj/Content/ModularTownVillage/Meshes/SM_sack.uasset" 788
"../../../../Ghost/GhostProj/Content/ModularTownVillage/Meshes/SM_sack_closed.uasset" 789
"../../../../Ghost/GhostProj/Content/ModularTownVillage/Textures/T_showroom_floor.uasset" 790
"../../../../Ghost/GhostProj/Content/ModularTownVillage/Materials/M_showroom_floor.uasset" 791
"../../../../Ghost/GhostProj/Content/ModularTownVillage/Meshes/SM_showroom_floor.uasset" 792
"../../../../Ghost/GhostProj/Content/ModularTownVillage/Meshes/SM_small_house_additional_floor_with_roof.uasset" 793
"../../../../Ghost/GhostProj/Content/ModularTownVillage/Meshes/SM_small_house_flat_roof.uasset" 794
"../../../../Ghost/GhostProj/Content/ModularTownVillage/Meshes/SM_small_house_floor_01.uasset" 795
"../../../../Ghost/GhostProj/Content/ModularTownVillage/Meshes/SM_small_house_floor_02.uasset" 796
"../../../../Ghost/GhostProj/Content/ModularTownVillage/Meshes/SM_small_house_floor_no_door.uasset" 797
"../../../../Ghost/GhostProj/Content/ModularTownVillage/Meshes/SM_small_house_floor_with_door_01.uasset" 798
"../../../../Ghost/GhostProj/Content/ModularTownVillage/Meshes/SM_small_house_floor_with_windows.uasset" 799
"../../../../Ghost/GhostProj/Content/ModularTownVillage/Meshes/SM_small_house_foundation.uasset" 800
"../../../../Ghost/GhostProj/Content/ModularTownVillage/Meshes/SM_small_house_open_roof_floor.uasset" 801
"../../../../Ghost/GhostProj/Content/ModularTownVillage/Meshes/SM_small_house_roof.uasset" 802
"../../../../Ghost/GhostProj/Content/ModularTownVillage/Meshes/SM_small_house_small_roof.uasset" 803
"../../../../Ghost/GhostProj/Content/ModularTownVillage/Meshes/SM_small_wall_roof_01.uasset" 804
"../../../../Ghost/GhostProj/Content/ModularTownVillage/Meshes/SM_small_wall_roof_02.uasset" 805
"../../../../Ghost/GhostProj/Content/ModularTownVillage/Meshes/SM_stairs_01.uasset" 806
"../../../../Ghost/GhostProj/Content/ModularTownVillage/Meshes/SM_stairs_02.uasset" 807
"../../../../Ghost/GhostProj/Content/ModularTownVillage/Materials/M_tent.uasset" 808
"../../../../Ghost/GhostProj/Content/ModularTownVillage/Materials/MI_tent.uasset" 809
"../../../../Ghost/GhostProj/Content/ModularTownVillage/Meshes/SM_tent.uasset" 810
"../../../../Ghost/GhostProj/Content/ModularTownVillage/Meshes/SM_trade_stall.uasset" 811
"../../../../Ghost/GhostProj/Content/ModularTownVillage/Meshes/SM_trade_wall.uasset" 812
"../../../../Ghost/GhostProj/Content/ModularTownVillage/Meshes/SM_wall.uasset" 813
"../../../../Ghost/GhostProj/Content/ModularTownVillage/Meshes/SM_wall_01.uasset" 814
"../../../../Ghost/GhostProj/Content/ModularTownVillage/Meshes/SM_wall_02.uasset" 815
"../../../../Ghost/GhostProj/Content/ModularTownVillage/Meshes/SM_wall_03.uasset" 816
"../../../../Ghost/GhostProj/Content/ModularTownVillage/Meshes/SM_wall_04.uasset" 817
"../../../../Ghost/GhostProj/Content/ModularTownVillage/Meshes/SM_wall_05.uasset" 818
"../../../../Ghost/GhostProj/Content/ModularTownVillage/Meshes/SM_Wall_door_01.uasset" 819
"../../../../Ghost/GhostProj/Content/ModularTownVillage/Meshes/SM_Wall_door_02.uasset" 820
"../../../../Ghost/GhostProj/Content/ModularTownVillage/Meshes/SM_Wall_door_03.uasset" 821
"../../../../Ghost/GhostProj/Content/ModularTownVillage/Meshes/SM_Wall_door_04.uasset" 822
"../../../../Ghost/GhostProj/Content/ModularTownVillage/Meshes/SM_wheel_balk.uasset" 823
"../../../../Ghost/GhostProj/Content/ModularTownVillage/Meshes/SM_window_shutter.uasset" 824
"../../../../Ghost/GhostProj/Content/ModularTownVillage/Meshes/SM_window_wall_01.uasset" 825
"../../../../Ghost/GhostProj/Content/ModularTownVillage/Meshes/SM_window_wall_02.uasset" 826
"../../../../Ghost/GhostProj/Content/ModularTownVillage/Maps/Overview.umap" 827
"../../../../Ghost/GhostProj/Content/StarterContent/Blueprints/Assets/FogBrightnessLUT.uasset" 828
"../../../../Ghost/GhostProj/Content/StarterContent/Blueprints/Assets/SunlightColorLUT.uasset" 829
"../../../../Ghost/GhostProj/Content/StarterContent/Blueprints/Assets/M_LightStage_Arrows.uasset" 830
"../../../Engine/Content/MapTemplates/Sky/DaylightAmbientCubemap.uasset" 831
"../../../../Ghost/GhostProj/Content/StarterContent/Blueprints/Assets/M_LightStage_Skybox_Master.uasset" 832
"../../../../Ghost/GhostProj/Content/StarterContent/Blueprints/Assets/M_LightStage_Skybox_Black.uasset" 833
"../../../../Ghost/GhostProj/Content/StarterContent/Blueprints/Assets/M_LightStage_Skybox_HDRI.uasset" 834
"../../../Engine/Content/EditorMaterials/Thumbnails/SkySphereMaterial.uasset" 835
"../../../../Ghost/GhostProj/Content/StarterContent/Blueprints/Assets/Skybox.uasset" 836
"../../../../Ghost/GhostProj/Content/StarterContent/Blueprints/Assets/SM_Arrows.uasset" 837
"../../../../Ghost/GhostProj/Content/StarterContent/HDRI/HDRI_Epic_Courtyard_Daylight.uasset" 838
"../../../../Ghost/GhostProj/Content/StarterContent/Blueprints/BP_LightStudio.uasset" 839
"../../../../Ghost/GhostProj/Content/StarterContent/Maps/Advanced_Lighting_BuiltData.uasset" 840
"../../../../Ghost/GhostProj/Content/StarterContent/Materials/M_AssetPlatform.uasset" 841
"../../../Engine/Content/EditorMeshes/ColorCalibrator/M_ChromeBall.uasset" 842
"../../../Engine/Content/EditorMeshes/ColorCalibrator/M_ClearCoat.uasset" 843
"../../../Engine/Content/EditorMeshes/ColorCalibrator/M_ClearCoatBlack.uasset" 844
"../../../Engine/Content/EditorMeshes/ColorCalibrator/Color_checker.uasset" 845
"../../../Engine/Content/EditorMeshes/ColorCalibrator/M_ColorGrid.uasset" 846
"../../../Engine/Content/EditorMeshes/ColorCalibrator/M_GreyBall.uasset" 847
"../../../Engine/Content/EditorMeshes/ColorCalibrator/SM_ColorCalibrator.uasset" 848
"../../../../Ghost/GhostProj/Content/StarterContent/Architecture/SM_AssetPlatform.uasset" 849
"../../../../Ghost/GhostProj/Content/StarterContent/Maps/Advanced_Lighting.umap" 850
"../../../../Ghost/GhostProj/Content/StarterContent/Maps/Minimal_Default_BuiltData.uasset" 851
"../../../../Ghost/GhostProj/Content/StarterContent/Textures/T_MacroVariation.uasset" 852
"../../../../Ghost/GhostProj/Content/StarterContent/Materials/M_Metal_Brushed_Nickel.uasset" 853
"../../../../Ghost/GhostProj/Content/StarterContent/Textures/T_Metal_Aluminum_D.uasset" 854
"../../../../Ghost/GhostProj/Content/StarterContent/Textures/T_Metal_Gold_N.uasset" 855
"../../../../Ghost/GhostProj/Content/StarterContent/Materials/M_Metal_Burnished_Steel.uasset" 856
"../../../../Ghost/GhostProj/Content/StarterContent/Textures/T_Metal_Copper_D.uasset" 857
"../../../../Ghost/GhostProj/Content/StarterContent/Materials/M_Metal_Copper.uasset" 858
"../../../../Ghost/GhostProj/Content/StarterContent/Textures/T_Statue_M.uasset" 859
"../../../../Ghost/GhostProj/Content/StarterContent/Textures/T_Statue_N.uasset" 860
"../../../../Ghost/GhostProj/Content/StarterContent/Props/Materials/M_StatueGlass.uasset" 861
"../../../../Ghost/GhostProj/Content/StarterContent/Architecture/Floor_400x400.uasset" 862
"../../../../Ghost/GhostProj/Content/StarterContent/Audio/Starter_Background_Cue.uasset" 863
"../../../../Ghost/GhostProj/Content/StarterContent/Props/SM_Chair.uasset" 864
"../../../../Ghost/GhostProj/Content/StarterContent/Props/Materials/M_Statue.uasset" 865
"../../../../Ghost/GhostProj/Content/StarterContent/Props/SM_Statue.uasset" 866
"../../../../Ghost/GhostProj/Content/StarterContent/Textures/T_TableRound_M.uasset" 867
"../../../../Ghost/GhostProj/Content/StarterContent/Textures/T_TableRound_N.uasset" 868
"../../../../Ghost/GhostProj/Content/StarterContent/Props/Materials/M_TableRound.uasset" 869
"../../../../Ghost/GhostProj/Content/StarterContent/Props/SM_TableRound.uasset" 870
"../../../../Ghost/GhostProj/Content/StarterContent/Maps/Minimal_Default.umap" 871
"../../../../Ghost/GhostProj/Content/StarterContent/Textures/T_Fire_SubUV.uasset" 872
"../../../../Ghost/GhostProj/Content/StarterContent/Textures/T_Fire_Tiled_D.uasset" 873
"../../../../Ghost/GhostProj/Content/StarterContent/Particles/Materials/M_Fire_SubUV.uasset" 874
"../../../../Ghost/GhostProj/Content/StarterContent/Textures/T_Water_N.uasset" 875
"../../../../Ghost/GhostProj/Content/StarterContent/Particles/Materials/M_Heat_Distortion.uasset" 876
"../../../../Ghost/GhostProj/Content/StarterContent/Particles/Materials/M_Radial_Gradient.uasset" 877
"../../../../Ghost/GhostProj/Content/StarterContent/Particles/P_Fire.uasset" 878
"../../../../Ghost/GhostProj/Content/StarterContent/Blueprints/Blueprint_Effect_Fire.uasset" 879
"../../../../Ghost/GhostProj/Content/StarterContent/Audio/Smoke01_Cue.uasset" 880
"../../../../Ghost/GhostProj/Content/StarterContent/Particles/P_Smoke.uasset" 881
"../../../../Ghost/GhostProj/Content/StarterContent/Blueprints/Blueprint_Effect_Smoke.uasset" 882
"../../../../Ghost/GhostProj/Content/StarterContent/Audio/Fire_Sparks01_Cue.uasset" 883
"../../../../Ghost/GhostProj/Content/StarterContent/Textures/T_Spark_Core.uasset" 884
"../../../../Ghost/GhostProj/Content/StarterContent/Particles/Materials/M_Spark.uasset" 885
"../../../../Ghost/GhostProj/Content/StarterContent/Particles/P_Sparks.uasset" 886
"../../../../Ghost/GhostProj/Content/StarterContent/Blueprints/Blueprint_Effect_Sparks.uasset" 887
"../../../../Ghost/GhostProj/Content/StarterContent/Audio/Steam01_Cue.uasset" 888
"../../../../Ghost/GhostProj/Content/StarterContent/Particles/P_Steam_Lit.uasset" 889
"../../../../Ghost/GhostProj/Content/StarterContent/Blueprints/Blueprint_Effect_Steam.uasset" 890
"../../../../Ghost/GhostProj/Content/StarterContent/Textures/T_Lamp_M.uasset" 891
"../../../../Ghost/GhostProj/Content/StarterContent/Textures/T_Lamp_N.uasset" 892
"../../../../Ghost/GhostProj/Content/StarterContent/Props/Materials/M_Lamp.uasset" 893
"../../../../Ghost/GhostProj/Content/StarterContent/Props/SM_Lamp_Ceiling.uasset" 894
"../../../../Ghost/GhostProj/Content/StarterContent/Blueprints/Blueprint_CeilingLight.uasset" 895
"../../../../Ghost/GhostProj/Content/StarterContent/Props/SM_Lamp_Wall.uasset" 896
"../../../../Ghost/GhostProj/Content/StarterContent/Blueprints/Blueprint_WallSconce.uasset" 897
"../../../../Ghost/GhostProj/Content/StarterContent/Maps/StarterMap_BuiltData.uasset" 898
"../../../Engine/Content/Functions/Engine_MaterialFunctions03/Procedurals/ComputeFilterWidth.uasset" 899
"../../../Engine/Content/EngineMaterials/AntiAliasedTextMaterialTranslucent.uasset" 900
"../../../../Ghost/GhostProj/Content/StarterContent/Textures/T_Brick_Clay_Beveled_D.uasset" 901
"../../../../Ghost/GhostProj/Content/StarterContent/Textures/T_Brick_Clay_Beveled_M.uasset" 902
"../../../../Ghost/GhostProj/Content/StarterContent/Textures/T_Brick_Clay_Beveled_N.uasset" 903
"../../../../Ghost/GhostProj/Content/StarterContent/Materials/M_Brick_Clay_Beveled.uasset" 904
"../../../../Ghost/GhostProj/Content/StarterContent/Textures/T_Brick_Clay_New_D.uasset" 905
"../../../../Ghost/GhostProj/Content/StarterContent/Textures/T_Brick_Clay_New_M.uasset" 906
"../../../../Ghost/GhostProj/Content/StarterContent/Textures/T_Brick_Clay_New_N.uasset" 907
"../../../../Ghost/GhostProj/Content/StarterContent/Materials/M_Brick_Clay_New.uasset" 908
"../../../../Ghost/GhostProj/Content/StarterContent/Textures/T_Brick_Clay_Old_D.uasset" 909
"../../../../Ghost/GhostProj/Content/StarterContent/Textures/T_Brick_Clay_Old_N.uasset" 910
"../../../../Ghost/GhostProj/Content/StarterContent/Textures/T_Perlin_Noise_M.uasset" 911
"../../../../Ghost/GhostProj/Content/StarterContent/Materials/M_Brick_Clay_Old.uasset" 912
"../../../../Ghost/GhostProj/Content/StarterContent/Textures/T_Brick_Cut_Stone_D.uasset" 913
"../../../../Ghost/GhostProj/Content/StarterContent/Textures/T_Brick_Cut_Stone_N.uasset" 914
"../../../../Ghost/GhostProj/Content/StarterContent/Materials/M_Brick_Cut_Stone.uasset" 915
"../../../../Ghost/GhostProj/Content/StarterContent/Textures/T_Brick_Hewn_Stone_D.uasset" 916
"../../../../Ghost/GhostProj/Content/StarterContent/Textures/T_Brick_Hewn_Stone_M.uasset" 917
"../../../../Ghost/GhostProj/Content/StarterContent/Textures/T_Brick_Hewn_Stone_N.uasset" 918
"../../../../Ghost/GhostProj/Content/StarterContent/Materials/M_Brick_Hewn_Stone.uasset" 919
"../../../../Ghost/GhostProj/Content/StarterContent/Textures/T_Ceramic_Tile_M.uasset" 920
"../../../../Ghost/GhostProj/Content/StarterContent/Textures/T_Ceramic_Tile_N.uasset" 921
"../../../../Ghost/GhostProj/Content/StarterContent/Textures/T_Rock_Marble_Polished_D.uasset" 922
"../../../../Ghost/GhostProj/Content/StarterContent/Materials/M_Ceramic_Tile_Checker.uasset" 923
"../../../../Ghost/GhostProj/Content/StarterContent/Textures/T_CobbleStone_Pebble_D.uasset" 924
"../../../../Ghost/GhostProj/Content/StarterContent/Textures/T_CobbleStone_Pebble_M.uasset" 925
"../../../../Ghost/GhostProj/Content/StarterContent/Textures/T_CobbleStone_Pebble_N.uasset" 926
"../../../../Ghost/GhostProj/Content/StarterContent/Materials/M_CobbleStone_Pebble.uasset" 927
"../../../../Ghost/GhostProj/Content/StarterContent/Textures/T_CobbleStone_Rough_D.uasset" 928
"../../../../Ghost/GhostProj/Content/StarterContent/Textures/T_CobbleStone_Rough_N.uasset" 929
"../../../../Ghost/GhostProj/Content/StarterContent/Textures/T_Gradinet_01.uasset" 930
"../../../../Ghost/GhostProj/Content/StarterContent/Textures/T_Rock_Smooth_Granite_D.uasset" 931
"../../../../Ghost/GhostProj/Content/StarterContent/Materials/M_CobbleStone_Rough.uasset" 932
"../../../../Ghost/GhostProj/Content/StarterContent/Textures/T_CobbleStone_Smooth_D.uasset" 933
"../../../../Ghost/GhostProj/Content/StarterContent/Textures/T_CobbleStone_Smooth_M.uasset" 934
"../../../../Ghost/GhostProj/Content/StarterContent/Textures/T_CobbleStone_Smooth_N.uasset" 935
"../../../../Ghost/GhostProj/Content/StarterContent/Materials/M_CobbleStone_Smooth.uasset" 936
"../../../../Ghost/GhostProj/Content/StarterContent/Textures/T_Concrete_Grime_D.uasset" 937
"../../../../Ghost/GhostProj/Content/StarterContent/Textures/T_Metal_Rust_N.uasset" 938
"../../../../Ghost/GhostProj/Content/StarterContent/Materials/M_Concrete_Grime.uasset" 939
"../../../../Ghost/GhostProj/Content/StarterContent/Textures/T_Concrete_Panels_D.uasset" 940
"../../../../Ghost/GhostProj/Content/StarterContent/Textures/T_Concrete_Panels_N.uasset" 941
"../../../../Ghost/GhostProj/Content/StarterContent/Materials/M_Concrete_Panels.uasset" 942
"../../../../Ghost/GhostProj/Content/StarterContent/Textures/T_Concrete_Poured_D.uasset" 943
"../../../../Ghost/GhostProj/Content/StarterContent/Textures/T_Concrete_Poured_N.uasset" 944
"../../../../Ghost/GhostProj/Content/StarterContent/Materials/M_Concrete_Poured.uasset" 945
"../../../../Ghost/GhostProj/Content/StarterContent/Textures/T_Concrete_Tiles_D.uasset" 946
"../../../../Ghost/GhostProj/Content/StarterContent/Textures/T_Concrete_Tiles_M.uasset" 947
"../../../../Ghost/GhostProj/Content/StarterContent/Textures/T_Concrete_Tiles_N.uasset" 948
"../../../../Ghost/GhostProj/Content/StarterContent/Textures/T_Concrete_Tiles_Variation_M.uasset" 949
"../../../../Ghost/GhostProj/Content/StarterContent/Materials/M_Concrete_Tiles.uasset" 950
"../../../../Ghost/GhostProj/Content/StarterContent/Textures/T_Ground_Grass_D.uasset" 951
"../../../../Ghost/GhostProj/Content/StarterContent/Textures/T_Ground_Grass_N.uasset" 952
"../../../../Ghost/GhostProj/Content/StarterContent/Materials/M_Ground_Grass.uasset" 953
"../../../../Ghost/GhostProj/Content/StarterContent/Textures/T_Ground_Gravel_D.uasset" 954
"../../../../Ghost/GhostProj/Content/StarterContent/Textures/T_Ground_Gravel_N.uasset" 955
"../../../../Ghost/GhostProj/Content/StarterContent/Materials/M_Ground_Gravel.uasset" 956
"../../../../Ghost/GhostProj/Content/StarterContent/Textures/T_ground_Moss_D.uasset" 957
"../../../../Ghost/GhostProj/Content/StarterContent/Textures/T_Ground_Moss_N.uasset" 958
"../../../../Ghost/GhostProj/Content/StarterContent/Materials/M_Ground_Moss.uasset" 959
"../../../../Ghost/GhostProj/Content/StarterContent/Materials/M_Metal_Chrome.uasset" 960
"../../../../Ghost/GhostProj/Content/StarterContent/Textures/T_Metal_Gold_D.uasset" 961
"../../../../Ghost/GhostProj/Content/StarterContent/Materials/M_Metal_Gold.uasset" 962
"../../../../Ghost/GhostProj/Content/StarterContent/Textures/T_Metal_Rust_D.uasset" 963
"../../../../Ghost/GhostProj/Content/StarterContent/Materials/M_Metal_Rust.uasset" 964
"../../../../Ghost/GhostProj/Content/StarterContent/Textures/T_Metal_Steel_D.uasset" 965
"../../../../Ghost/GhostProj/Content/StarterContent/Textures/T_Metal_Steel_N.uasset" 966
"../../../../Ghost/GhostProj/Content/StarterContent/Materials/M_Metal_Steel.uasset" 967
"../../../../Ghost/GhostProj/Content/StarterContent/Textures/T_Rock_Basalt_N.uasset" 968
"../../../../Ghost/GhostProj/Content/StarterContent/Materials/M_Rock_Basalt.uasset" 969
"../../../../Ghost/GhostProj/Content/StarterContent/Materials/M_Rock_Marble_Polished.uasset" 970
"../../../../Ghost/GhostProj/Content/StarterContent/Textures/T_Rock_Sandstone_D.uasset" 971
"../../../../Ghost/GhostProj/Content/StarterContent/Textures/T_Rock_Sandstone_N.uasset" 972
"../../../../Ghost/GhostProj/Content/StarterContent/Materials/M_Rock_Sandstone.uasset" 973
"../../../../Ghost/GhostProj/Content/StarterContent/Textures/T_Rock_Slate_D.uasset" 974
"../../../../Ghost/GhostProj/Content/StarterContent/Textures/T_Rock_Slate_N.uasset" 975
"../../../../Ghost/GhostProj/Content/StarterContent/Materials/M_Rock_Slate.uasset" 976
"../../../../Ghost/GhostProj/Content/StarterContent/Textures/T_Checker_Noise_M.uasset" 977
"../../../../Ghost/GhostProj/Content/StarterContent/Textures/T_Single_Tile_N.uasset" 978
"../../../../Ghost/GhostProj/Content/StarterContent/Textures/T_Tech_Dot_M.uasset" 979
"../../../../Ghost/GhostProj/Content/StarterContent/Textures/T_Tech_Dot_N.uasset" 980
"../../../../Ghost/GhostProj/Content/StarterContent/Materials/M_Tech_Checker_Dot.uasset" 981
"../../../../Ghost/GhostProj/Content/StarterContent/Textures/T_Tech_Hex_Tile_M.uasset" 982
"../../../../Ghost/GhostProj/Content/StarterContent/Textures/T_Tech_Hex_Tile_N.uasset" 983
"../../../../Ghost/GhostProj/Content/StarterContent/Materials/M_Tech_Hex_Tile.uasset" 984
"../../../../Ghost/GhostProj/Content/StarterContent/Materials/M_Tech_Hex_Tile_Pulse.uasset" 985
"../../../../Ghost/GhostProj/Content/StarterContent/Textures/T_Tech_Panel_M.uasset" 986
"../../../../Ghost/GhostProj/Content/StarterContent/Textures/T_Tech_Panel_N.uasset" 987
"../../../../Ghost/GhostProj/Content/StarterContent/Materials/M_Tech_Panel.uasset" 988
"../../../../Ghost/GhostProj/Content/StarterContent/Materials/M_Water_Lake.uasset" 989
"../../../../Ghost/GhostProj/Content/StarterContent/Textures/T_Water_M.uasset" 990
"../../../../Ghost/GhostProj/Content/StarterContent/Materials/M_Water_Ocean.uasset" 991
"../../../../Ghost/GhostProj/Content/StarterContent/Textures/T_Wood_Floor_Walnut_D.uasset" 992
"../../../../Ghost/GhostProj/Content/StarterContent/Textures/T_Wood_Floor_Walnut_M.uasset" 993
"../../../../Ghost/GhostProj/Content/StarterContent/Textures/T_Wood_Floor_Walnut_N.uasset" 994
"../../../../Ghost/GhostProj/Content/StarterContent/Materials/M_Wood_Floor_Walnut_Polished.uasset" 995
"../../../Engine/Content/Functions/Engine_MaterialFunctions01/Opacity/AlphaOffset.uasset" 996
"../../../../Ghost/GhostProj/Content/StarterContent/Materials/M_Wood_Floor_Walnut_Worn.uasset" 997
"../../../../Ghost/GhostProj/Content/StarterContent/Textures/T_Wood_Oak_D.uasset" 998
"../../../../Ghost/GhostProj/Content/StarterContent/Textures/T_Wood_Oak_N.uasset" 999
"../../../../Ghost/GhostProj/Content/StarterContent/Materials/M_Wood_Oak.uasset" 1000
"../../../../Ghost/GhostProj/Content/StarterContent/Textures/T_Wood_Pine_D.uasset" 1001
"../../../../Ghost/GhostProj/Content/StarterContent/Textures/T_Wood_Pine_N.uasset" 1002
"../../../../Ghost/GhostProj/Content/StarterContent/Materials/M_Wood_Pine.uasset" 1003
"../../../../Ghost/GhostProj/Content/StarterContent/Textures/T_Wood_Walnut_D.uasset" 1004
"../../../../Ghost/GhostProj/Content/StarterContent/Textures/T_Wood_Walnut_N.uasset" 1005
"../../../../Ghost/GhostProj/Content/StarterContent/Materials/M_Wood_Walnut.uasset" 1006
"../../../../Ghost/GhostProj/Content/StarterContent/Architecture/Wall_400x200.uasset" 1007
"../../../../Ghost/GhostProj/Content/StarterContent/Architecture/Wall_Door_400x300.uasset" 1008
"../../../../Ghost/GhostProj/Content/StarterContent/Architecture/Wall_Window_400x300.uasset" 1009
"../../../../Ghost/GhostProj/Content/StarterContent/Audio/Collapse_Cue.uasset" 1010
"../../../../Ghost/GhostProj/Content/StarterContent/Audio/Starter_Music_Cue.uasset" 1011
"../../../../Ghost/GhostProj/Content/StarterContent/Textures/T_Dust_Particle_D.uasset" 1012
"../../../../Ghost/GhostProj/Content/StarterContent/Particles/Materials/M_Dust_Particle.uasset" 1013
"../../../../Ghost/GhostProj/Content/StarterContent/Particles/P_Ambient_Dust.uasset" 1014
"../../../../Ghost/GhostProj/Content/StarterContent/Props/MaterialSphere.uasset" 1015
"../../../../Ghost/GhostProj/Content/StarterContent/Textures/T_Frame_M.uasset" 1016
"../../../../Ghost/GhostProj/Content/StarterContent/Textures/T_Frame_N.uasset" 1017
"../../../../Ghost/GhostProj/Content/StarterContent/Props/Materials/M_Frame.uasset" 1018
"../../../../Ghost/GhostProj/Content/StarterContent/Props/SM_CornerFrame.uasset" 1019
"../../../../Ghost/GhostProj/Content/StarterContent/Props/SM_DoorFrame.uasset" 1020
"../../../../Ghost/GhostProj/Content/StarterContent/Props/SM_GlassWindow.uasset" 1021
"../../../../Ghost/GhostProj/Content/StarterContent/Props/SM_PillarFrame.uasset" 1022
"../../../../Ghost/GhostProj/Content/StarterContent/Props/SM_PillarFrame300.uasset" 1023
"../../../../Ghost/GhostProj/Content/StarterContent/Props/SM_WindowFrame.uasset" 1024
"../../../../Ghost/GhostProj/Content/StarterContent/Shapes/Shape_Cube.uasset" 1025
"../../../../Ghost/GhostProj/Content/StarterContent/Shapes/Shape_QuadPyramid.uasset" 1026
"../../../../Ghost/GhostProj/Content/StarterContent/Shapes/Shape_Sphere.uasset" 1027
"../../../../Ghost/GhostProj/Content/StarterContent/Maps/StarterMap.umap" 1028
"../../../../Ghost/GhostProj/Content/Widget/Elements/ItemElemInInventory_BP.uasset" 1029
"../../../../Ghost/GhostProj/Content/Widget/ItemElemInInventory_BP.uasset" 1030
"../../../../Ghost/GhostProj/Content/Assets/Texture/Honor.uasset" 1031
"../../../../Ghost/GhostProj/Content/Assets/Texture/Ramka.uasset" 1032
"../../../../Ghost/GhostProj/Content/Widget/MusicUI/SongElem.uasset" 1033
"../../../../Ghost/GhostProj/Content/Widget/MusicUI/Songs.uasset" 1034
"../../../../Ghost/GhostProj/Content/Widget/MusicUI/MusicPlayerUI.uasset" 1035
"../../../../Ghost/GhostProj/Content/Widget/Shop_UI.uasset" 1036
"../../../../Ghost/GhostProj/Content/ThirdPersonCPP/Blueprints/ThirdPersonCharacter.uasset" 1037
"../../../../Ghost/GhostProj/Content/Widget/Fishing_UI.uasset" 1038
"../../../../Ghost/GhostProj/Content/Blueprints/BP_Fishing.uasset" 1039
"../../../../Ghost/GhostProj/Content/Blueprints/Shop_BP.uasset" 1040
"../../../../Ghost/GhostProj/Content/Assets/Texture/Fon.uasset" 1041
"../../../../Ghost/GhostProj/Content/Assets/Texture/KKM.uasset" 1042
"../../../../Ghost/GhostProj/Content/Widget/Elements/ItemInWork.uasset" 1043
"../../../../Ghost/GhostProj/Content/Widget/Info/ChatWithClient_UI.uasset" 1044
"../../../../Ghost/GhostProj/Content/Widget/InteractWithClient_UI.uasset" 1045
"../../../../Ghost/GhostProj/Content/Blueprints/Work_BP/BP_Client.uasset" 1046
"../../../../Ghost/GhostProj/Content/Blueprints/NewMaterial.uasset" 1047
"../../../../Ghost/GhostProj/Content/Widget/Info/Off-Hours.uasset" 1048
"../../../../Ghost/GhostProj/Content/Blueprints/Work_BP/WorkActor_BP.uasset" 1049
"../../../../Ghost/GhostProj/Content/ModularTownVillage/Blueprints/E_deco_door.uasset" 1050
"../../../../Ghost/GhostProj/Content/ModularTownVillage/Textures/T_deco_celtic_cross_butterfly_Mask.uasset" 1051
"../../../../Ghost/GhostProj/Content/ModularTownVillage/Textures/T_deco_celtic_cross_Mask.uasset" 1052
"../../../../Ghost/GhostProj/Content/ModularTownVillage/Textures/T_deco_cross_Mask.uasset" 1053
"../../../../Ghost/GhostProj/Content/ModularTownVillage/Textures/T_deco_fire_Mask.uasset" 1054
"../../../../Ghost/GhostProj/Content/ModularTownVillage/Textures/T_deco_fish_Mask.uasset" 1055
"../../../../Ghost/GhostProj/Content/ModularTownVillage/Textures/T_deco_fleur_de_lis_Mask.uasset" 1056
"../../../../Ghost/GhostProj/Content/ModularTownVillage/Textures/T_deco_forge_Mask.uasset" 1057
"../../../../Ghost/GhostProj/Content/ModularTownVillage/Textures/T_deco_lion_Mask.uasset" 1058
"../../../../Ghost/GhostProj/Content/ModularTownVillage/Textures/T_deco_N_02.uasset" 1059
"../../../../Ghost/GhostProj/Content/ModularTownVillage/Textures/T_deco_N_03.uasset" 1060
"../../../../Ghost/GhostProj/Content/ModularTownVillage/Textures/T_deco_N_04.uasset" 1061
"../../../../Ghost/GhostProj/Content/ModularTownVillage/Textures/T_deco_N_05.uasset" 1062
"../../../../Ghost/GhostProj/Content/ModularTownVillage/Textures/T_deco_N_06.uasset" 1063
"../../../../Ghost/GhostProj/Content/ModularTownVillage/Textures/T_deco_N_07.uasset" 1064
"../../../../Ghost/GhostProj/Content/ModularTownVillage/Textures/T_deco_N_08.uasset" 1065
"../../../../Ghost/GhostProj/Content/ModularTownVillage/Textures/T_deco_N_09.uasset" 1066
"../../../../Ghost/GhostProj/Content/ModularTownVillage/Blueprints/BP_door.uasset" 1067
"../../../../Ghost/GhostProj/Content/ModularTownVillage/Blueprints/BP_lamp_post.uasset" 1068
"../../../../Ghost/GhostProj/Content/ThirdPersonCPP/Maps/ThirdPersonExampleMap_BuiltData.uasset" 1069
"../../../Engine/Content/BasicShapes/BasicShapeMaterial.uasset" 1070
"../../../../Ghost/GhostProj/Content/ModularTownVillage/Materials/MI_brick.uasset" 1071
"../../../../Ghost/GhostProj/Content/ModularTownVillage/Materials/MI_Crate.uasset" 1072
"../../../Engine/Content/BasicShapes/Cylinder.uasset" 1073
"../../../Engine/Content/EngineMaterials/DefaultPhysicalMaterial.uasset" 1074
"../../../../Ghost/GhostProj/Content/ModularTownVillage/Meshes/SM_brick.uasset" 1075
"../../../../Ghost/GhostProj/Content/ModularTownVillage/Meshes/SM_DemoMan.uasset" 1076
"../../../../Ghost/GhostProj/Content/ThirdPersonCPP/Maps/ThirdPersonExampleMap.umap" 1077
"../../../Engine/Content/Maps/Entry_BuiltData.uasset" 1078
"../../../Engine/Content/Maps/Entry.umap" 1079
